(20 28.216343918032802) [Memory: 124769752][Window size 6]
(41 6.421466342959806) [Memory: 124631816][Window size 6]
(62 3.5949531755113227) [Memory: 124412648][Window size 6]
(83 2.818372560494496) [Memory: 124800200][Window size 6]
(104 2.460885849264245) [Memory: 124657256][Window size 6]
(125 2.4440449969922184) [Memory: 124428424][Window size 6]
(146 2.2203862586369083) [Memory: 124835208][Window size 6]
(167 1.977004581507126) [Memory: 124700216][Window size 6]
(188 1.8326322520686287) [Memory: 124468056][Window size 6]
(209 1.6685258586364757) [Memory: 124928664][Window size 6]
(230 1.6209103023749345) [Memory: 124750408][Window size 6]
(251 1.6469189470398804) [Memory: 124587576][Window size 6]
(272 1.5689410524013256) [Memory: 124879352][Window size 6]
(293 1.5184389561802583) [Memory: 124711432][Window size 6]
(314 1.839449953026613) [Memory: 124630568][Window size 6]
(335 1.5371787062324949) [Memory: 124377176][Window size 6]
(356 1.4470210560090486) [Memory: 124814344][Window size 6]
(377 1.3405814494619206) [Memory: 124686920][Window size 6]
(398 1.5243331397352125) [Memory: 124381160][Window size 6]
(419 1.4246893779988588) [Memory: 124850568][Window size 6]
(440 1.278535770715241) [Memory: 124649944][Window size 6]
(461 1.4449493255482835) [Memory: 124485288][Window size 6]
(482 1.3932749095143224) [Memory: 124884664][Window size 6]
(503 1.224962750485442) [Memory: 124756344][Window size 6]
(524 1.2009050361772937) [Memory: 124526936][Window size 6]
(545 1.3170590515951783) [Memory: 124913000][Window size 6]
(566 1.215051778501882) [Memory: 124799896][Window size 6]
(587 1.2041569141186639) [Memory: 124568872][Window size 6]
(608 1.210142681763468) [Memory: 124405288][Window size 6]
(629 1.2024888891543444) [Memory: 124756552][Window size 6]
(650 1.1322401961769968) [Memory: 124617896][Window size 6]
(671 1.1751868654943172) [Memory: 124400792][Window size 6]
(692 1.144375421719555) [Memory: 124788616][Window size 6]
(713 1.1981674915438951) [Memory: 124644504][Window size 6]
(734 1.1775401338354847) [Memory: 124412648][Window size 6]
(755 1.2020942777305355) [Memory: 124885400][Window size 6]
(776 1.1038551135143246) [Memory: 124691528][Window size 6]
(797 1.2162339268598679) [Memory: 124458472][Window size 6]
(818 1.0672947421960626) [Memory: 124920584][Window size 6]
(839 1.1001466453374913) [Memory: 124737768][Window size 6]
(860 1.1342205873970803) [Memory: 124569656][Window size 6]
(881 1.1191066502895872) [Memory: 124861576][Window size 6]
(902 1.205389268037519) [Memory: 124700648][Window size 6]
(923 1.0899319138738823) [Memory: 124619400][Window size 6]
(944 1.0652247366996275) [Memory: 124369672][Window size 6]
(965 1.0249305802976287) [Memory: 124799112][Window size 6]
(986 1.1357787763864204) [Memory: 124664168][Window size 6]
(1007 1.060880902113412) [Memory: 124426072][Window size 6]
(1028 1.0982772332675415) [Memory: 124833256][Window size 6]
(1049 1.1341032961493742) [Memory: 124632664][Window size 6]
(1070 1.0830564544992078) [Memory: 124463976][Window size 6]
(1091 1.0764129507189752) [Memory: 124867512][Window size 6]
(1112 1.0642840445148412) [Memory: 124744792][Window size 6]
(1133 1.0510989570547256) [Memory: 124515976][Window size 6]
(1154 1.0283080452883866) [Memory: 124903720][Window size 6]
(1175 1.027426493563988) [Memory: 124790472][Window size 6]
(1196 1.058266222812482) [Memory: 124564552][Window size 6]
(1217 1.031900543565682) [Memory: 124403160][Window size 6]
(1238 1.0300761190127872) [Memory: 124748952][Window size 6]
(1259 1.073431531219465) [Memory: 124670632][Window size 6]
(1280 1.090740446459178) [Memory: 124396488][Window size 6]
(1301 0.9814186376006081) [Memory: 124780392][Window size 6]
(1322 1.034127040740367) [Memory: 124638792][Window size 6]
(1343 1.086619005867634) [Memory: 124411544][Window size 6]
(1364 1.070016303548448) [Memory: 124878456][Window size 6]
(1385 0.978040396593649) [Memory: 124686792][Window size 6]
(1406 1.0078516154652788) [Memory: 124456712][Window size 6]
(1427 1.0660967435929594) [Memory: 124918120][Window size 6]
(1448 1.0263596877687011) [Memory: 124732216][Window size 6]
(1469 0.9961167324514015) [Memory: 124570952][Window size 6]
(1490 1.0082852088630239) [Memory: 124866472][Window size 6]
(1511 0.9827126766256912) [Memory: 124698584][Window size 6]
(1532 0.9764768072656981) [Memory: 124618504][Window size 6]
(1553 1.0069552234729022) [Memory: 124372376][Window size 6]
(1574 0.9729059832761235) [Memory: 124795768][Window size 6]
(1595 0.9675767976293276) [Memory: 124657480][Window size 6]
(1616 0.9946155047115189) [Memory: 124423848][Window size 6]
(1637 0.998119294393764) [Memory: 124823848][Window size 6]
(1658 1.0510703914334936) [Memory: 124682952][Window size 6]
(1679 0.9869330090505807) [Memory: 124454376][Window size 6]
(1700 0.91352855254938) [Memory: 124853608][Window size 6]
(1721 0.9451409807217975) [Memory: 124728296][Window size 6]
(1742 0.9468986637437862) [Memory: 124497720][Window size 6]
(1763 0.9411495626427469) [Memory: 124952808][Window size 6]
(1784 0.981576126066544) [Memory: 124776568][Window size 6]
(1805 0.9494648772053903) [Memory: 124552168][Window size 6]
(1826 0.9339065873970416) [Memory: 124395048][Window size 6]
(1847 0.9442811324858154) [Memory: 124743528][Window size 6]
(1868 1.0136683002141345) [Memory: 124665000][Window size 6]
(1889 0.9115052236568263) [Memory: 124391208][Window size 6]
(1910 0.9845477896126211) [Memory: 124772792][Window size 6]
(1931 0.9718535817067382) [Memory: 124627128][Window size 6]
(1952 0.9638756164277117) [Memory: 124405976][Window size 6]
(1973 0.951743979655396) [Memory: 124873752][Window size 6]
(1994 0.9274438245518497) [Memory: 124675400][Window size 6]
(2015 0.9168048340061583) [Memory: 124508488][Window size 6]
(2036 0.9521655294967374) [Memory: 124907080][Window size 6]
(2057 0.904700308366003) [Memory: 124724200][Window size 6]
(2078 0.9566051423078613) [Memory: 124551640][Window size 6]
(2099 0.9372231609748282) [Memory: 124855256][Window size 6]
(2120 0.9657959445180042) [Memory: 124747832][Window size 6]
(2141 0.9082667284576491) [Memory: 124601448][Window size 6]
(2162 0.9363587905483154) [Memory: 124358360][Window size 6]
(2183 0.9070230209941602) [Memory: 124786696][Window size 6]
(2204 0.9515153786566412) [Memory: 124650888][Window size 6]
(2225 0.8690065428927278) [Memory: 124422984][Window size 6]
(2246 0.9209485339642306) [Memory: 124823112][Window size 6]
(2267 0.9685460152035551) [Memory: 124615896][Window size 6]
(2288 0.8855625203034106) [Memory: 124446056][Window size 6]
(2309 0.8907042327337958) [Memory: 124851416][Window size 6]
(2330 0.9496866684585887) [Memory: 124721816][Window size 6]
(2351 0.8847631683004664) [Memory: 124488952][Window size 6]
(2372 0.9318305217411197) [Memory: 124947864][Window size 6]
(2393 0.8918464618514342) [Memory: 124767368][Window size 6]
(2414 0.902947501843477) [Memory: 124540600][Window size 6]
(2435 0.8992658419113093) [Memory: 124887112][Window size 6]
(2456 0.915067656060645) [Memory: 124728488][Window size 6]
(2477 0.8933227799407023) [Memory: 124656360][Window size 6]
(2498 0.8981554900180612) [Memory: 124399416][Window size 6]
(2519 0.9097645469032957) [Memory: 124773128][Window size 6]
(2540 0.9121381585971586) [Memory: 124707240][Window size 6]
(2561 0.9515443473947204) [Memory: 124402360][Window size 6]
(2582 0.9126825645604358) [Memory: 124872664][Window size 6]
(2603 0.9095996425257021) [Memory: 124677912][Window size 6]
(2624 0.9132977478370611) [Memory: 124449048][Window size 6]
(2645 0.9102274597686276) [Memory: 124911416][Window size 6]
(2666 0.8671924898059649) [Memory: 124723896][Window size 6]
(2687 0.9299644181601869) [Memory: 124559320][Window size 6]
(2708 0.8973984830869167) [Memory: 124856136][Window size 6]
(2729 0.8899028139609063) [Memory: 124749448][Window size 6]
(2750 0.8689643789116879) [Memory: 124606088][Window size 6]
(2771 0.9080658930754005) [Memory: 124365208][Window size 6]
(2792 0.9150956160848409) [Memory: 124787000][Window size 6]
(2813 0.8893192499992248) [Memory: 124652440][Window size 6]
(2834 0.8901364573947376) [Memory: 124427464][Window size 6]
(2855 0.8621074019367182) [Memory: 124816680][Window size 6]
(2876 0.8171656437061162) [Memory: 124615160][Window size 6]
(2897 0.851965840276578) [Memory: 124452760][Window size 6]
(2918 0.8734792915980171) [Memory: 124859336][Window size 6]
(2939 0.8782462270385173) [Memory: 124732664][Window size 6]
(2960 0.869424213524627) [Memory: 124502744][Window size 6]
(2981 0.8881669522827874) [Memory: 124898744][Window size 6]
(3002 0.8817885212523575) [Memory: 124780152][Window size 6]
(3023 0.8504378328680516) [Memory: 124546376][Window size 6]
(3044 0.8970196026489822) [Memory: 124895368][Window size 6]
(3065 0.8940261392538562) [Memory: 124734280][Window size 6]
(3086 0.8731183413807919) [Memory: 124593160][Window size 6]
(3107 0.8528914236475904) [Memory: 124403080][Window size 6]
(3128 0.852969306045927) [Memory: 124774344][Window size 6]
(3149 0.8678857373893463) [Memory: 124707944][Window size 6]
(3170 0.8388312509281765) [Memory: 124405096][Window size 6]
(3191 0.8614564475491505) [Memory: 124812264][Window size 6]
(3212 0.8375622157621113) [Memory: 124677896][Window size 6]
(3233 0.8167761894726372) [Memory: 124447048][Window size 6]
(3254 0.8658205749814528) [Memory: 124906088][Window size 6]
(3275 0.829084875758532) [Memory: 124719272][Window size 6]
(3296 0.8420801215439404) [Memory: 124552344][Window size 6]
(3317 0.8675111449453338) [Memory: 124857544][Window size 6]
(3338 0.8059471538748828) [Memory: 124823048][Window size 6]
(3359 0.8331770369297323) [Memory: 124598616][Window size 6]
(3380 0.825868368343729) [Memory: 124363832][Window size 6]
(3401 0.8315791727757308) [Memory: 124783608][Window size 6]
(3422 0.8211713227979688) [Memory: 124646984][Window size 6]
(3443 0.8234835949633221) [Memory: 124425608][Window size 6]
(3464 0.8590053768687334) [Memory: 124819176][Window size 6]
(3485 0.844666068789794) [Memory: 124612392][Window size 6]
(3506 0.8605367850615626) [Memory: 124456088][Window size 6]
(3527 0.8429876312038381) [Memory: 124866200][Window size 6]
(3548 0.8502083950401715) [Memory: 124678424][Window size 6]
(3569 0.8582579715700352) [Memory: 124515208][Window size 6]
(3590 0.8469429721493179) [Memory: 124908232][Window size 6]
(3611 0.8760790778107994) [Memory: 124729384][Window size 6]
(3632 0.8323115639293676) [Memory: 124565864][Window size 6]
(3653 0.8268457437239776) [Memory: 124856760][Window size 6]
(3674 0.8635382622997421) [Memory: 124760376][Window size 6]
(3695 0.8093235638957991) [Memory: 124615976][Window size 6]
(3716 0.7976983373075872) [Memory: 124359288][Window size 6]
(3737 0.8328786568745873) [Memory: 124796024][Window size 6]
(3758 0.8565361151066697) [Memory: 124661176][Window size 6]
(3779 0.8176998324032573) [Memory: 124424072][Window size 6]
(3800 0.8621339415459063) [Memory: 124824776][Window size 6]
(3821 0.8279371012498871) [Memory: 124691464][Window size 6]
(3842 0.8272734006329472) [Memory: 124463672][Window size 6]
(3863 0.8874380296046493) [Memory: 124863432][Window size 6]
(3884 0.8230937093984306) [Memory: 124738504][Window size 6]
(3905 0.8473642069938717) [Memory: 124505896][Window size 6]
(3926 0.8153823043988394) [Memory: 124959336][Window size 6]
(3947 0.831009787264608) [Memory: 124779096][Window size 6]
(3968 0.8106220721342137) [Memory: 124611064][Window size 6]
(3989 0.8406440295995866) [Memory: 124382360][Window size 6]
(4010 0.8524378149338988) [Memory: 124733544][Window size 6]
(4031 0.8268837602233852) [Memory: 124659432][Window size 6]
(4052 0.836544798948525) [Memory: 124376328][Window size 6]
(4073 0.7782380553268355) [Memory: 124826024][Window size 6]
(4094 0.780626312176229) [Memory: 124617336][Window size 6]
(4115 0.9215761483762627) [Memory: 124449288][Window size 6]
(4136 0.8176498159921808) [Memory: 124849992][Window size 6]
(4157 0.7930620296048079) [Memory: 124721560][Window size 6]
(4178 0.8585093681884758) [Memory: 124491160][Window size 6]
(4199 0.8460952907565303) [Memory: 124890072][Window size 6]
(4220 0.8133708873336506) [Memory: 124770136][Window size 6]
(4241 0.8100649059255837) [Memory: 124539416][Window size 6]
(4262 0.8086245055465381) [Memory: 124895384][Window size 6]
(4283 0.8393397356044047) [Memory: 124729592][Window size 6]
(4304 0.7903190544332569) [Memory: 124587592][Window size 6]
(4325 0.7829805345836792) [Memory: 124404360][Window size 6]
(4346 0.8370615149537656) [Memory: 124770088][Window size 6]
(4367 0.8379045232136787) [Memory: 124699080][Window size 6]
(4388 0.8207167859381044) [Memory: 124394040][Window size 6]
(4409 0.7892769376139048) [Memory: 124862360][Window size 6]
(4430 0.810267868219294) [Memory: 124662328][Window size 6]
(4451 0.8072882994913382) [Memory: 124435128][Window size 6]
(4472 0.810829151675303) [Memory: 124903800][Window size 6]
(4493 0.8446464467165411) [Memory: 124713848][Window size 6]
(4514 0.802122810197876) [Memory: 124549400][Window size 6]
(4535 0.8048175202404345) [Memory: 124938648][Window size 6]
(4556 0.8286251644780077) [Memory: 124759608][Window size 6]
(4577 0.8292517734196886) [Memory: 124591352][Window size 6]
(4598 0.8234597230544217) [Memory: 124361208][Window size 6]
(4619 0.7975016656080095) [Memory: 124780120][Window size 6]
(4640 0.7725172912149447) [Memory: 124645032][Window size 6]
(4661 0.8145930237005858) [Memory: 124367816][Window size 6]
(4682 0.7896817885845864) [Memory: 124814104][Window size 6]
(4703 0.8438959052886116) [Memory: 124608168][Window size 6]
(4724 0.8102019904996937) [Memory: 124450552][Window size 6]
(4745 0.7806959799671881) [Memory: 124850584][Window size 6]
(4766 0.8070013152059566) [Memory: 124658040][Window size 6]
(4787 0.7727529973106465) [Memory: 124496232][Window size 6]
(4808 0.847103693860478) [Memory: 124891992][Window size 6]
(4829 0.8144252965892996) [Memory: 124771992][Window size 6]
(4850 0.8006483461507177) [Memory: 124544232][Window size 6]
(4871 0.82729770920754) [Memory: 124840168][Window size 6]
(4892 0.858815861992834) [Memory: 124739320][Window size 6]
(4913 0.7791359434852044) [Memory: 124590104][Window size 6]
(4934 0.7949454586024123) [Memory: 124407144][Window size 6]
(4955 0.7740394366740725) [Memory: 124769992][Window size 6]
(4976 0.7988239718053188) [Memory: 124701672][Window size 6]
(4997 0.8018279562978462) [Memory: 124407176][Window size 6]
(5018 0.7910718716526244) [Memory: 124808200][Window size 6]
(5039 0.8210293393705582) [Memory: 124673000][Window size 6]
(5060 0.7975546528190424) [Memory: 124442568][Window size 6]
(5081 0.7628413001018514) [Memory: 124909496][Window size 6]
(5102 0.7979554898064861) [Memory: 124719224][Window size 6]
(5123 0.7776700837607966) [Memory: 124493816][Window size 6]
(5144 0.7720053236022436) [Memory: 124947592][Window size 6]
(5165 0.7747457290346155) [Memory: 124768680][Window size 6]
(5186 0.7878026199836111) [Memory: 124604376][Window size 6]
(5207 0.7999431503015911) [Memory: 124381880][Window size 6]
(5228 0.812294853422868) [Memory: 124727080][Window size 6]
(5249 0.783769962245726) [Memory: 124650712][Window size 6]
(5270 0.7569782236693504) [Memory: 124382072][Window size 6]
(5291 0.8119334488180816) [Memory: 124832216][Window size 6]
(5312 0.795304560865295) [Memory: 124623304][Window size 6]
(5333 0.7923469064393837) [Memory: 124398808][Window size 6]
(5354 0.7776376027470585) [Memory: 124862968][Window size 6]
(5375 0.7949553211602515) [Memory: 124668264][Window size 6]
(5396 0.8036327489662053) [Memory: 124499752][Window size 6]
(5417 0.7903076790721347) [Memory: 124897128][Window size 6]
(5438 0.7388470505832873) [Memory: 124712056][Window size 6]
(5459 0.7749029284902721) [Memory: 124546120][Window size 6]
(5480 0.7954345154422878) [Memory: 124845256][Window size 6]
(5501 0.7979466730152297) [Memory: 124738504][Window size 6]
(5522 0.7755303111993964) [Memory: 124593912][Window size 6]
(5543 0.7709652252417497) [Memory: 124414152][Window size 6]
(5564 0.7778032489270029) [Memory: 124780856][Window size 6]
(5585 0.7672755396405821) [Memory: 124646024][Window size 6]
(5606 0.8119903688533991) [Memory: 124417544][Window size 6]
(5627 0.7781750580261079) [Memory: 124816632][Window size 6]
(5648 0.8116315586278974) [Memory: 124676856][Window size 6]
(5669 0.7421886180280298) [Memory: 124451320][Window size 6]
(5690 0.8136809631529435) [Memory: 124854264][Window size 6]
(5711 0.7607889179372274) [Memory: 124728040][Window size 6]
(5732 0.7829861302783853) [Memory: 124496136][Window size 6]
(5753 0.7673293727424803) [Memory: 124951992][Window size 6]
(5774 0.7747180963232639) [Memory: 124775192][Window size 6]
(5795 0.8040984324443611) [Memory: 124546888][Window size 6]
(5816 0.7617051719015477) [Memory: 124897528][Window size 6]
(5837 0.8128351321053492) [Memory: 124739128][Window size 6]
(5858 0.7806319567703541) [Memory: 124661832][Window size 6]
(5879 0.7578992895976263) [Memory: 124401496][Window size 6]
(5900 0.763102320652345) [Memory: 124772536][Window size 6]
(5921 0.7249414754030167) [Memory: 124714664][Window size 6]
(5942 0.7566473458513295) [Memory: 124410584][Window size 6]
(5963 0.8039208561953024) [Memory: 124879160][Window size 6]
(5984 0.7740358335455397) [Memory: 124681448][Window size 6]
(6005 0.731837478643219) [Memory: 124452872][Window size 6]
(6026 0.746473567339033) [Memory: 124914680][Window size 6]
(6047 0.7646675917944029) [Memory: 124731880][Window size 6]
(6068 0.7518211081364958) [Memory: 124566040][Window size 6]
(6089 0.7586738777298367) [Memory: 124866904][Window size 6]
(6110 0.7629009512774592) [Memory: 124698232][Window size 6]
(6131 0.7555464700096094) [Memory: 124611912][Window size 6]
(6152 0.7097750167491242) [Memory: 124370088][Window size 6]
(6173 0.7427608448775097) [Memory: 124794744][Window size 6]
(6194 0.7360768057655432) [Memory: 124657816][Window size 6]
(6215 0.7742383680110415) [Memory: 124370216][Window size 6]
(6236 0.7631031008572856) [Memory: 124825752][Window size 6]
(6257 0.766750403532711) [Memory: 124621864][Window size 6]
(6278 0.7398875481970505) [Memory: 124450744][Window size 6]
(6299 0.7337712907239466) [Memory: 124856680][Window size 6]
(6320 0.7327898504799165) [Memory: 124732440][Window size 6]
(6341 0.7526515527745623) [Memory: 124501560][Window size 6]
(6362 0.7440921704784266) [Memory: 124895624][Window size 6]
(6383 0.744258190519849) [Memory: 124778696][Window size 6]
(6404 0.729687363971356) [Memory: 124547368][Window size 6]
(6425 0.7586211418141775) [Memory: 124896584][Window size 6]
(6446 0.7473833392716784) [Memory: 124737032][Window size 6]
(6467 0.7792330490528347) [Memory: 124660328][Window size 6]
(6488 0.7744480449849268) [Memory: 124400856][Window size 6]
(6509 0.7710115873529172) [Memory: 124768088][Window size 6]
(6530 0.779817943924266) [Memory: 124704200][Window size 6]
(6551 0.7752638672969113) [Memory: 124398888][Window size 6]
(6572 0.7548008145516868) [Memory: 124870088][Window size 6]
(6593 0.7222593038036491) [Memory: 124669896][Window size 6]
(6614 0.7261010730464629) [Memory: 124439208][Window size 6]
(6635 0.7376128912355783) [Memory: 124905384][Window size 6]
(6656 0.7553494130652645) [Memory: 124718552][Window size 6]
(6677 0.7307480957708078) [Memory: 124553880][Window size 6]
(6698 0.7735982476221759) [Memory: 124854744][Window size 6]
(6719 0.7663140431632857) [Memory: 124823112][Window size 6]
(6740 0.7430797380876912) [Memory: 124593400][Window size 6]
(6761 0.7614449891193535) [Memory: 124353944][Window size 6]
(6782 0.7191746372836317) [Memory: 124768728][Window size 6]
(6803 0.6980175648079815) [Memory: 124627352][Window size 6]
(6824 0.7511978511154087) [Memory: 124404424][Window size 6]
(6845 0.723248603538574) [Memory: 124793320][Window size 6]
(6866 0.7680121253246104) [Memory: 124656616][Window size 6]
(6887 0.7563938396872159) [Memory: 124430200][Window size 6]
(6908 0.7644145372166387) [Memory: 124837016][Window size 6]
(6929 0.7099476474714654) [Memory: 124710728][Window size 6]
(6950 0.7149360630796776) [Memory: 124478760][Window size 6]
(6971 0.7437288360707298) [Memory: 124933368][Window size 6]
(6992 0.7985532903985573) [Memory: 124750056][Window size 6]
(7013 0.7871205049099802) [Memory: 124581336][Window size 6]
(7034 0.742403217345268) [Memory: 124866792][Window size 6]
(7055 0.6681779556200403) [Memory: 124768008][Window size 6]
(7076 0.7407985936687229) [Memory: 124622232][Window size 6]
(7097 0.7793173247619177) [Memory: 124362664][Window size 6]
(7118 0.6900619277066441) [Memory: 124794488][Window size 6]
(7139 0.7222192555434283) [Memory: 124663672][Window size 6]
(7160 0.7740820571427302) [Memory: 124426264][Window size 6]
(7181 0.7405439769114467) [Memory: 124829496][Window size 6]
(7202 0.7081776232576468) [Memory: 124695240][Window size 6]
(7223 0.7559958877981604) [Memory: 124465192][Window size 6]
(7244 0.7506364835221261) [Memory: 124862584][Window size 6]
(7265 0.7330303448686725) [Memory: 124739880][Window size 6]
(7286 0.7394579795712993) [Memory: 124510728][Window size 6]
(7307 0.762067770621472) [Memory: 124883896][Window size 6]
(7328 0.7164709382995359) [Memory: 124789112][Window size 6]
(7349 0.7170606759113807) [Memory: 124557432][Window size 6]
(7370 0.731450390533331) [Memory: 124389592][Window size 6]
(7391 0.7144222233458343) [Memory: 124742296][Window size 6]
(7412 0.7361360096745225) [Memory: 124668840][Window size 6]
(7433 0.7191459642624771) [Memory: 124387064][Window size 6]
(7454 0.7191714081160283) [Memory: 124842440][Window size 6]
(7475 0.7424010003793526) [Memory: 124635048][Window size 6]
(7496 0.7041049885015177) [Memory: 124406600][Window size 6]
(7517 0.7032958339453416) [Memory: 124874968][Window size 6]
(7538 0.7153363551334713) [Memory: 124682536][Window size 6]
(7559 0.7217613000973554) [Memory: 124517016][Window size 6]
(7580 0.7038645914888421) [Memory: 124913384][Window size 6]
(7601 0.7143484597466395) [Memory: 124728392][Window size 6]
(7622 0.6952582932206367) [Memory: 124564504][Window size 6]
(7643 0.7352069105946003) [Memory: 124856872][Window size 6]
(7664 0.7105143951657448) [Memory: 124755800][Window size 6]
(7685 0.701983089445536) [Memory: 124613448][Window size 6]
(7706 0.7051818878836728) [Memory: 124367416][Window size 6]
(7727 0.6624719054466376) [Memory: 124794920][Window size 6]
(7748 0.7343482836766189) [Memory: 124661784][Window size 6]
(7769 0.6742808340193913) [Memory: 124426392][Window size 6]
(7790 0.6810682143372461) [Memory: 124831512][Window size 6]
(7811 0.7441379511488141) [Memory: 124629384][Window size 6]
(7832 0.6962389758747025) [Memory: 124468232][Window size 6]
(7853 0.6954822128041336) [Memory: 124865112][Window size 6]
(7874 0.6953174788919009) [Memory: 124743912][Window size 6]
(7895 0.7270875566010958) [Memory: 124515736][Window size 6]
(7916 0.7014016106215721) [Memory: 124904824][Window size 6]
(7937 0.7083236011463642) [Memory: 124787976][Window size 6]
(7958 0.6559166866574978) [Memory: 124561272][Window size 6]
(7979 0.7173928196280289) [Memory: 124400408][Window size 6]
(8000 0.6893767277987704) [Memory: 124752488][Window size 6]
(8021 0.7076092767512118) [Memory: 124673352][Window size 6]
(8042 0.6658188033973372) [Memory: 124396696][Window size 6]
(8063 0.6820041552098713) [Memory: 124781768][Window size 6]
(8084 0.6484669019978686) [Memory: 124631064][Window size 6]
(8105 0.7010395757858366) [Memory: 124409112][Window size 6]
(8126 0.723463334145677) [Memory: 124871480][Window size 6]
(8147 0.6471693657995828) [Memory: 124677192][Window size 6]
(8168 0.6860916984695918) [Memory: 124512440][Window size 6]
(8189 0.669821665760828) [Memory: 124911064][Window size 6]
(8210 0.6833492806591653) [Memory: 124728712][Window size 6]
(8231 0.637148280165662) [Memory: 124565832][Window size 6]
(8252 0.6414260442445375) [Memory: 124863112][Window size 6]
(8273 0.6843467606992749) [Memory: 124698552][Window size 6]
(8294 0.6965641969843158) [Memory: 124618792][Window size 6]
(8315 0.6474723759875409) [Memory: 124374424][Window size 6]
(8336 0.6337947129457494) [Memory: 124802872][Window size 6]
(8357 0.723604770769117) [Memory: 124669608][Window size 6]
(8378 0.733077753485677) [Memory: 124366424][Window size 6]
(8399 0.67900543798008) [Memory: 124835384][Window size 6]
(8420 0.6545255360495071) [Memory: 124631304][Window size 6]
(8441 0.7466375792280568) [Memory: 124467704][Window size 6]
(8462 0.6829598809839553) [Memory: 124863656][Window size 6]
(8483 0.679354511369401) [Memory: 124740664][Window size 6]
(8504 0.6613754048095918) [Memory: 124512328][Window size 6]
(8525 0.678669171863338) [Memory: 124901256][Window size 6]
(8546 0.6751350506384536) [Memory: 124787224][Window size 6]
(8567 0.6878001377433199) [Memory: 124557576][Window size 6]
(8588 0.6729159969278292) [Memory: 124394584][Window size 6]
(8609 0.6712608069764195) [Memory: 124744376][Window size 6]
(8630 0.6460162686182503) [Memory: 124672616][Window size 6]
(8651 0.6875760816475379) [Memory: 124396712][Window size 6]
(8672 0.6740687448216077) [Memory: 124779816][Window size 6]
(8693 0.689639675896576) [Memory: 124636040][Window size 6]
(8714 0.6447532499139949) [Memory: 124412536][Window size 6]
(8735 0.663403463685858) [Memory: 124881496][Window size 6]
(8756 0.6737892043769661) [Memory: 124682536][Window size 6]
(8777 0.6886948512734964) [Memory: 124451176][Window size 6]
(8798 0.6710534070608226) [Memory: 124910744][Window size 6]
(8819 0.6519804690404359) [Memory: 124727288][Window size 6]
(8840 0.6840627836231946) [Memory: 124558088][Window size 6]
(8861 0.6399563276278503) [Memory: 124857640][Window size 6]
(8882 0.7113368797465703) [Memory: 124753032][Window size 6]
(8903 0.6886666456647492) [Memory: 124605080][Window size 6]
(8924 0.6625928973893304) [Memory: 124358856][Window size 6]
(8945 0.6875822561608446) [Memory: 124786312][Window size 6]
(8966 0.6918275990630757) [Memory: 124652104][Window size 6]
(8987 0.6588714208236737) [Memory: 124424040][Window size 6]
(9008 0.6015220972957227) [Memory: 124819608][Window size 6]
(9029 0.6624198365882003) [Memory: 124617688][Window size 6]
(9050 0.6308762278504989) [Memory: 124452616][Window size 6]
(9071 0.6367445675387768) [Memory: 124852376][Window size 6]
(9092 0.6530497054070643) [Memory: 124729080][Window size 6]
(9113 0.6582306433850497) [Memory: 124498584][Window size 6]
(9134 0.6335106721047827) [Memory: 124959800][Window size 6]
(9155 0.673513813037632) [Memory: 124777480][Window size 6]
(9176 0.6758208764585616) [Memory: 124546696][Window size 6]
(9197 0.6414730589756812) [Memory: 124395176][Window size 6]
(9218 0.6393411031124663) [Memory: 124737672][Window size 6]
(9239 0.6349388630670748) [Memory: 124601784][Window size 6]
(9260 0.699196436290468) [Memory: 124403528][Window size 6]
(9281 0.6446777800611266) [Memory: 124775256][Window size 6]
(9302 0.6804115202327514) [Memory: 124711208][Window size 6]
(9323 0.6127529428528127) [Memory: 124406792][Window size 6]
(9344 0.6247082254694708) [Memory: 124873096][Window size 6]
(9365 0.6554281585348022) [Memory: 124672424][Window size 6]
(9386 0.6331370447697502) [Memory: 124446072][Window size 6]
(9407 0.6285917398092611) [Memory: 124908104][Window size 6]
(9428 0.6586993027455845) [Memory: 124721384][Window size 6]
(9449 0.5944250432240691) [Memory: 124556392][Window size 6]
(9470 0.6462801382666715) [Memory: 124858392][Window size 6]
(9491 0.6013495006619337) [Memory: 124751048][Window size 6]
(9512 0.6320606782257028) [Memory: 124603544][Window size 6]
(9533 0.6145639339223902) [Memory: 124358648][Window size 6]
(9554 0.607030888396486) [Memory: 124787000][Window size 6]
(9575 0.6475947037094641) [Memory: 124651064][Window size 6]
(9596 0.7022477213342734) [Memory: 124425416][Window size 6]
(9617 0.6082101016272295) [Memory: 124817224][Window size 6]
(9638 0.6117373008391588) [Memory: 124611048][Window size 6]
(9659 0.6005972390365373) [Memory: 124444904][Window size 6]
(9680 0.6426182203031396) [Memory: 124844568][Window size 6]
(9701 0.6108199001011617) [Memory: 124718888][Window size 6]
(9722 0.5943785988665589) [Memory: 124485288][Window size 6]
(9743 0.5781978616852875) [Memory: 124942136][Window size 6]
(9764 0.6353089090180571) [Memory: 124759480][Window size 6]
(9785 0.6009672716066815) [Memory: 124596472][Window size 6]
(9806 0.60588498587267) [Memory: 124882856][Window size 6]
(9827 0.6148402177124569) [Memory: 124720376][Window size 6]
(9848 0.6172560909092843) [Memory: 124639512][Window size 6]
(9869 0.6178236663825158) [Memory: 124384440][Window size 6]
(9890 0.5907839409484414) [Memory: 124817048][Window size 6]
(9911 0.6304686134151812) [Memory: 124684936][Window size 6]
(9932 0.63162157451183) [Memory: 124381976][Window size 6]
(9953 0.6361222758894814) [Memory: 124850872][Window size 6]
(9974 0.5850575865860925) [Memory: 124652440][Window size 6]
(9995 0.6433639477191445) [Memory: 124488696][Window size 6]
(10016 0.6529566251169227) [Memory: 124890312][Window size 6]
(10037 0.5875273374557065) [Memory: 124703368][Window size 6]
(10058 0.6024990246800298) [Memory: 124540360][Window size 6]
(10079 0.6659965131874053) [Memory: 124846408][Window size 6]
(10100 0.5909744378990803) [Memory: 124814184][Window size 6]
(10121 0.6272133556195391) [Memory: 124584840][Window size 6]
(10142 0.6300078712198408) [Memory: 124414456][Window size 6]
(10163 0.5746395546584623) [Memory: 124770584][Window size 6]
(10184 0.6123547381946565) [Memory: 124630504][Window size 6]
(10205 0.611687383717601) [Memory: 124408232][Window size 6]
(10226 0.5668086863468743) [Memory: 124801256][Window size 6]
(10247 0.5782319648621581) [Memory: 124665944][Window size 6]
(10268 0.5536244563831013) [Memory: 124435688][Window size 6]
(10289 0.6286754304311776) [Memory: 124841528][Window size 6]
(10310 0.6011640841512533) [Memory: 124711944][Window size 6]
(10331 0.5959277103906193) [Memory: 124479432][Window size 6]
(10352 0.6012545848617059) [Memory: 124938136][Window size 6]
(10373 0.5920130154597213) [Memory: 124757016][Window size 6]
(10394 0.644406785075419) [Memory: 124531912][Window size 6]
(10415 0.6019122779836888) [Memory: 124886088][Window size 6]
(10436 0.5974940478856526) [Memory: 124724456][Window size 6]
(10457 0.6159078628827893) [Memory: 124644840][Window size 6]
(10478 0.6169570163145183) [Memory: 124393240][Window size 6]
(10499 0.5752742462490913) [Memory: 124764296][Window size 6]
(10520 0.5842837061363441) [Memory: 124696344][Window size 6]
(10541 0.5877679377891484) [Memory: 124389496][Window size 6]
(10562 0.6611779793886279) [Memory: 124860104][Window size 6]
(10583 0.599328653135382) [Memory: 124657288][Window size 6]
(10604 0.5650084773588299) [Memory: 124495480][Window size 6]
(10625 0.5933664859846214) [Memory: 124898120][Window size 6]
(10646 0.5802862551836887) [Memory: 124710584][Window size 6]
(10667 0.5502036764106809) [Memory: 124547736][Window size 6]
(10688 0.5691412209476571) [Memory: 124848872][Window size 6]
(10709 0.5558712507880107) [Memory: 124814472][Window size 6]
(10730 0.5822426854934671) [Memory: 124583336][Window size 6]
(10751 0.5761541045486456) [Memory: 124413144][Window size 6]
(10772 0.5396520962998401) [Memory: 124770776][Window size 6]
(10793 0.5893803800260934) [Memory: 124635480][Window size 6]
(10814 0.5662618872922512) [Memory: 124419752][Window size 6]
(10835 0.5923142587221871) [Memory: 124807512][Window size 6]
(10856 0.5963013755388252) [Memory: 124665064][Window size 6]
(10877 0.6046550841817074) [Memory: 124434088][Window size 6]
(10898 0.5603269187841612) [Memory: 124836328][Window size 6]
(10919 0.6597960725696111) [Memory: 124708200][Window size 6]
(10940 0.5981527723779959) [Memory: 124482344][Window size 6]
(10961 0.5832120177118472) [Memory: 124940456][Window size 6]
(10982 0.6016934834052385) [Memory: 124757688][Window size 6]
(11003 0.5966400174081984) [Memory: 124525000][Window size 6]
(11024 0.5708727406639835) [Memory: 124883544][Window size 6]
(11045 0.5159361512116555) [Memory: 124721064][Window size 6]
(11066 0.5480946996062369) [Memory: 124642088][Window size 6]
(11087 0.548308663247263) [Memory: 124387176][Window size 6]
(11108 0.5965222124014644) [Memory: 124762200][Window size 6]
(11129 0.5514027241159057) [Memory: 124694248][Window size 6]
(11150 0.5724849447806278) [Memory: 124391352][Window size 6]
(11171 0.5811448321006146) [Memory: 124861496][Window size 6]
(11192 0.5722490970017512) [Memory: 124660536][Window size 6]
(11213 0.5228417591786952) [Memory: 124431320][Window size 6]
(11234 0.540778998147173) [Memory: 124900568][Window size 6]
(11255 0.5632746350777954) [Memory: 124709592][Window size 6]
(11276 0.5651104098563738) [Memory: 124542920][Window size 6]
(11297 0.5171241176207283) [Memory: 124927432][Window size 6]
(11318 0.6138392103151152) [Memory: 124816840][Window size 6]
(11339 0.5501948545977471) [Memory: 124585976][Window size 6]
(11360 0.56298083898674) [Memory: 124355080][Window size 6]
(11381 0.571048455436585) [Memory: 124771016][Window size 6]
(11402 0.5617329992744039) [Memory: 124628856][Window size 6]
(11423 0.5542050466333395) [Memory: 124416072][Window size 6]
(11444 0.5479372678878675) [Memory: 124798056][Window size 6]
(11465 0.5492302584913117) [Memory: 124653800][Window size 6]
(11486 0.5113614908636755) [Memory: 124422200][Window size 6]
(11507 0.552815297655849) [Memory: 124827000][Window size 6]
(11528 0.5375721861828371) [Memory: 124694968][Window size 6]
(11549 0.5788463435808016) [Memory: 124468184][Window size 6]
(11570 0.5446429004200403) [Memory: 124928856][Window size 6]
(11591 0.5136301770470663) [Memory: 124743320][Window size 6]
(11612 0.5839239377007339) [Memory: 124578280][Window size 6]
(11633 0.5408311792524133) [Memory: 124871464][Window size 6]
(11654 0.514391034141686) [Memory: 124703496][Window size 6]
(11675 0.5009532396966228) [Memory: 124626152][Window size 6]
(11696 0.4934067150361885) [Memory: 124378456][Window size 6]
(11717 0.5431315494545906) [Memory: 124809704][Window size 6]
(11738 0.5357780029265752) [Memory: 124678344][Window size 6]
(11759 0.5672687191925193) [Memory: 124374344][Window size 6]
(11780 0.49097748863058727) [Memory: 124843160][Window size 6]
(11801 0.5025886921828868) [Memory: 124639560][Window size 6]
(11822 0.5278352722040042) [Memory: 124473848][Window size 6]
(11843 0.5416596547433793) [Memory: 124877576][Window size 6]
(11864 0.4967357424102045) [Memory: 124686216][Window size 6]
(11885 0.5011395906908293) [Memory: 124522760][Window size 6]
(11906 0.5534611249884352) [Memory: 124916360][Window size 6]
(11927 0.49360131534116897) [Memory: 124806536][Window size 6]
(11948 0.5053266220004359) [Memory: 124575448][Window size 6]
(11969 0.5489133997723783) [Memory: 124346648][Window size 6]
(11990 0.48123340224409944) [Memory: 124755512][Window size 6]
(12011 0.5153661776862157) [Memory: 124612232][Window size 6]
(12032 0.5962997577832135) [Memory: 124408376][Window size 6]
(12053 0.5331045807321799) [Memory: 124790152][Window size 6]
(12074 0.4990001676912746) [Memory: 124648248][Window size 6]
(12095 0.5041704737348319) [Memory: 124427240][Window size 6]
(12116 0.47817788755594076) [Memory: 124827736][Window size 6]
(12137 0.49746329642655457) [Memory: 124700232][Window size 6]
(12158 0.5490207777510451) [Memory: 124468536][Window size 6]
(12179 0.4759456503829705) [Memory: 124929256][Window size 6]
(12200 0.466445860759763) [Memory: 124742056][Window size 6]
(12221 0.5225858683309343) [Memory: 124511704][Window size 6]
(12242 0.4782581454830259) [Memory: 124874952][Window size 6]
(12263 0.5158279472300252) [Memory: 124708904][Window size 6]
(12284 0.4881685589656517) [Memory: 124625272][Window size 6]
(12305 0.5073165272863102) [Memory: 124378520][Window size 6]
(12326 0.474315855338939) [Memory: 124804488][Window size 6]
(12347 0.5266411708239856) [Memory: 124666840][Window size 6]
(12368 0.48251636827613864) [Memory: 124369864][Window size 6]
(12389 0.5240116491135489) [Memory: 124833976][Window size 6]
(12410 0.5099533791606916) [Memory: 124634392][Window size 6]
(12431 0.47434042899349316) [Memory: 124468824][Window size 6]
(12452 0.49813492297636963) [Memory: 124871800][Window size 6]
(12473 0.47962513031383364) [Memory: 124679848][Window size 6]
(12494 0.5100822656800671) [Memory: 124508648][Window size 6]
(12515 0.4628419670656381) [Memory: 124899144][Window size 6]
(12536 0.4659351828933976) [Memory: 124777368][Window size 6]
(12557 0.4982232776844718) [Memory: 124549144][Window size 6]
(12578 0.4640574592076933) [Memory: 124399416][Window size 6]
(12599 0.5170001228364794) [Memory: 124741160][Window size 6]
(12620 0.52747169562353) [Memory: 124663432][Window size 6]
(12641 0.5101306446238584) [Memory: 124402328][Window size 6]
(12662 0.4579012784501135) [Memory: 124770856][Window size 6]
(12683 0.4769925367465162) [Memory: 124706248][Window size 6]
(12704 0.49480520666375843) [Memory: 124401992][Window size 6]
(12725 0.49840855402065043) [Memory: 124867736][Window size 6]
(12746 0.49077529177579104) [Memory: 124670248][Window size 6]
(12767 0.5097801948763272) [Memory: 124505384][Window size 6]
(12788 0.5051043720713324) [Memory: 124905176][Window size 6]
(12809 0.4960510741281312) [Memory: 124715320][Window size 6]
(12830 0.46739149309287803) [Memory: 124549064][Window size 6]
(12851 0.4956141013698027) [Memory: 124852280][Window size 6]
(12872 0.4990425712905732) [Memory: 124747400][Window size 6]
(12893 0.4973853799338965) [Memory: 124596712][Window size 6]
(12914 0.4572896192410818) [Memory: 124356776][Window size 6]
(12935 0.47308489019627115) [Memory: 124783960][Window size 6]
(12956 0.49832534383662824) [Memory: 124649656][Window size 6]
(12977 0.444042226130617) [Memory: 124422008][Window size 6]
(12998 0.5232042359354234) [Memory: 124818216][Window size 6]
(13019 0.5207497241996537) [Memory: 124612024][Window size 6]
(13040 0.4887536596751476) [Memory: 124441848][Window size 6]
(13061 0.4977001969666574) [Memory: 124844616][Window size 6]
(13082 0.49759309743950175) [Memory: 124716840][Window size 6]
(13103 0.4853923200245167) [Memory: 124488952][Window size 6]
(13124 0.43110131709508975) [Memory: 124949768][Window size 6]
(13145 0.41532911457411276) [Memory: 124766824][Window size 6]
(13166 0.5022007716667253) [Memory: 124539128][Window size 6]
(13187 0.45794017304242374) [Memory: 124885480][Window size 6]
(13208 0.45738657719245485) [Memory: 124728024][Window size 6]
(13229 0.494583088328349) [Memory: 124650424][Window size 6]
(13250 0.5525486210219502) [Memory: 124392600][Window size 6]
(13271 0.4621650460552857) [Memory: 124823896][Window size 6]
(13292 0.4635722144447512) [Memory: 124694104][Window size 6]
(13313 0.5009859175658825) [Memory: 124392984][Window size 6]
(13334 0.49468474667064394) [Memory: 124863112][Window size 6]
(13355 0.45052433934731767) [Memory: 124663016][Window size 6]
(13376 0.4577695452732035) [Memory: 124495544][Window size 6]
(13397 0.4883409369141966) [Memory: 124897272][Window size 6]
(13418 0.4802209348650293) [Memory: 124709832][Window size 6]
(13439 0.45823189186991725) [Memory: 124543080][Window size 6]
(13460 0.4288222451651738) [Memory: 124841800][Window size 6]
(13481 0.37531632760788575) [Memory: 124812232][Window size 6]
(13502 0.4045872738569776) [Memory: 124584232][Window size 6]
(13523 0.4284537929768832) [Memory: 124407064][Window size 6]
(13544 0.4689853347132373) [Memory: 124772760][Window size 6]
(13565 0.4868076547599012) [Memory: 124641496][Window size 6]
(13586 0.46773197427095986) [Memory: 124418760][Window size 6]
(13607 0.442739385094443) [Memory: 124809976][Window size 6]
(13628 0.4722607772116023) [Memory: 124669048][Window size 6]
(13649 0.4658906267771878) [Memory: 124439624][Window size 6]
(13670 0.49834834082916313) [Memory: 124845944][Window size 6]
(13691 0.4629841808829081) [Memory: 124715896][Window size 6]
(13712 0.4093187275297973) [Memory: 124483096][Window size 6]
(13733 0.4735162461520248) [Memory: 124941832][Window size 6]
(13754 0.4331004846226137) [Memory: 124762680][Window size 6]
(13775 0.4191924855457909) [Memory: 124530488][Window size 6]
(13796 0.4055643224141574) [Memory: 124881880][Window size 6]
(13817 0.45485527175744084) [Memory: 124720728][Window size 6]
(13838 0.4239264120346717) [Memory: 124640872][Window size 6]
(13859 0.41718104874391365) [Memory: 124380968][Window size 6]
(13880 0.46485219511966164) [Memory: 124818888][Window size 6]
(13901 0.3822045307343544) [Memory: 124687896][Window size 6]
(13922 0.40718162971837324) [Memory: 124386136][Window size 6]
(13943 0.4486863960575537) [Memory: 124852024][Window size 6]
(13964 0.4388777040396575) [Memory: 124652472][Window size 6]
(13985 0.5036714652358897) [Memory: 124491816][Window size 6]
(14006 0.42451983471912874) [Memory: 124895896][Window size 6]
(14027 0.4330791929794331) [Memory: 124702648][Window size 6]
(14048 0.40214733203850933) [Memory: 124537192][Window size 6]
(14069 0.44011301047029194) [Memory: 124843864][Window size 6]
(14090 0.3711547099167561) [Memory: 124809560][Window size 6]
(14111 0.44584284979501665) [Memory: 124582936][Window size 6]
(14132 0.42485630032298777) [Memory: 124351240][Window size 6]
(14153 0.4151062063540274) [Memory: 124771752][Window size 6]
(14174 0.4772602170844121) [Memory: 124636824][Window size 6]
(14195 0.4569502100428274) [Memory: 124423240][Window size 6]
(14216 0.41416095644942397) [Memory: 124815240][Window size 6]
(14237 0.3965282930593503) [Memory: 124607224][Window size 6]
(14258 0.41522386710368253) [Memory: 124443704][Window size 6]
(14279 0.4341706478578802) [Memory: 124849944][Window size 6]
(14300 0.42278928106871105) [Memory: 124721448][Window size 6]
(14321 0.46293557228388976) [Memory: 124491656][Window size 6]
(14342 0.4481787544020343) [Memory: 124887256][Window size 6]
(14363 0.4165727764684106) [Memory: 124767816][Window size 6]
(14384 0.4648266001817418) [Memory: 124535800][Window size 6]
(14405 0.38177958325175193) [Memory: 124895496][Window size 6]
(14426 0.4285027610174394) [Memory: 124733672][Window size 6]
(14447 0.35083705277890775) [Memory: 124593384][Window size 6]
(14468 0.4079234816412631) [Memory: 124406504][Window size 6]
(14489 0.3919587588553832) [Memory: 124774280][Window size 6]
(14510 0.41418138170708246) [Memory: 124711976][Window size 6]
(14531 0.436136124555945) [Memory: 124411944][Window size 6]
(14552 0.4326991086069014) [Memory: 124816792][Window size 6]
(14573 0.4019113027354266) [Memory: 124681400][Window size 6]
(14594 0.4015714917154882) [Memory: 124448648][Window size 6]
(14615 0.3977863020645298) [Memory: 124912728][Window size 6]
(14636 0.39378421098216526) [Memory: 124723032][Window size 6]
(14657 0.3804440010639712) [Memory: 124492312][Window size 6]
(14678 0.3724758825535772) [Memory: 124946424][Window size 6]
(14699 0.3817355634235806) [Memory: 124768408][Window size 6]
(14720 0.3847009718661522) [Memory: 124604152][Window size 6]
(14741 0.3740560485429116) [Memory: 124371752][Window size 6]
(14762 0.4172168047339225) [Memory: 124788552][Window size 6]
(14783 0.41157578030076314) [Memory: 124648712][Window size 6]
(14804 0.39454704258355133) [Memory: 124367256][Window size 6]
(14825 0.38759315496692365) [Memory: 124820312][Window size 6]
(14846 0.39159321236560407) [Memory: 124612152][Window size 6]
(14867 0.38324328612996234) [Memory: 124451960][Window size 6]
(14888 0.38270493264701866) [Memory: 124853352][Window size 6]
(14909 0.3544484437217535) [Memory: 124659816][Window size 6]
(14930 0.3834768258112815) [Memory: 124493064][Window size 6]
(14951 0.3588247756182579) [Memory: 124888200][Window size 6]
(14972 0.44234525940251035) [Memory: 124772216][Window size 6]
(14993 0.3933307585558783) [Memory: 124542440][Window size 6]
(15014 0.3602177661845814) [Memory: 124898248][Window size 6]
(15035 0.35543597255232634) [Memory: 124728440][Window size 6]
(15056 0.43279949150936764) [Memory: 124643736][Window size 6]
(15077 0.3924303657334356) [Memory: 124393464][Window size 6]
(15098 0.3419308692460914) [Memory: 124752712][Window size 6]
(15119 0.39980993805295234) [Memory: 124688840][Window size 6]
(15140 0.3182972829298443) [Memory: 124385816][Window size 6]
(15161 0.3720906001282671) [Memory: 124855848][Window size 6]
(15182 0.4160429574290551) [Memory: 124658792][Window size 6]
(15203 0.4347488704287807) [Memory: 124429512][Window size 6]
(15224 0.44906880535820526) [Memory: 124890648][Window size 6]
(15245 0.33331794225066574) [Memory: 124704040][Window size 6]
(15266 0.41697055643686914) [Memory: 124542024][Window size 6]
(15287 0.35687027066419885) [Memory: 124932664][Window size 6]
(15308 0.35425068184717173) [Memory: 124814728][Window size 6]
(15329 0.41443772497575027) [Memory: 124582680][Window size 6]
(15350 0.39822104129132296) [Memory: 124354968][Window size 6]
(15371 0.37316364468548757) [Memory: 124770440][Window size 6]
(15392 0.37866581831459684) [Memory: 124633544][Window size 6]
(15413 0.3796027215359156) [Memory: 124420136][Window size 6]
(15434 0.3528373723412863) [Memory: 124805432][Window size 6]
(15455 0.33167828041705855) [Memory: 124599560][Window size 6]
(15476 0.36278538557472206) [Memory: 124444776][Window size 6]
(15497 0.4064973450734963) [Memory: 124844888][Window size 6]
(15518 0.37919834292218213) [Memory: 124710664][Window size 6]
(15539 0.39373865821300863) [Memory: 124480040][Window size 6]
(15560 0.3609337904860985) [Memory: 124878840][Window size 6]
(15581 0.37623308780067727) [Memory: 124758280][Window size 6]
(15602 0.37055443463751264) [Memory: 124528440][Window size 6]
(15623 0.3950034173563472) [Memory: 124889704][Window size 6]
(15644 0.3726434231623792) [Memory: 124719848][Window size 6]
(15665 0.359357735479068) [Memory: 124639112][Window size 6]
(15686 0.3723659810621108) [Memory: 124392024][Window size 6]
(15707 0.35289350966609767) [Memory: 124753064][Window size 6]
(15728 0.32315090777242855) [Memory: 124684888][Window size 6]
(15749 0.3320621397344447) [Memory: 124387112][Window size 6]
(15770 0.33554281675539815) [Memory: 124849000][Window size 6]
(15791 0.3504473303768596) [Memory: 124646232][Window size 6]
(15812 0.3385613313347052) [Memory: 124418792][Window size 6]
(15833 0.33155470701092044) [Memory: 124881720][Window size 6]
(15854 0.3310244837089942) [Memory: 124686952][Window size 6]
(15875 0.31881324432067115) [Memory: 124520440][Window size 6]
(15896 0.36379801913878423) [Memory: 124914088][Window size 6]
(15917 0.40960143225002654) [Memory: 124801032][Window size 6]
(15938 0.34009023557557705) [Memory: 124574008][Window size 6]
(15959 0.33815085290552555) [Memory: 124353736][Window size 6]
(15980 0.3254077918046054) [Memory: 124771144][Window size 6]
(16001 0.3584849619638339) [Memory: 124634552][Window size 6]
(16022 0.3503892733449779) [Memory: 124362232][Window size 6]
(16043 0.37994560214743106) [Memory: 124808680][Window size 6]
(16064 0.3786668546504542) [Memory: 124603288][Window size 6]
(16085 0.3639383932656935) [Memory: 124446808][Window size 6]
(16106 0.3436696086486795) [Memory: 124848632][Window size 6]
(16127 0.3370160997769969) [Memory: 124650536][Window size 6]
(16148 0.3666401337271803) [Memory: 124486824][Window size 6]
(16169 0.33987955149352617) [Memory: 124883416][Window size 6]
(16190 0.32170054389318675) [Memory: 124764680][Window size 6]
(16211 0.3889122848913369) [Memory: 124535048][Window size 6]
(16232 0.3475235121579722) [Memory: 124835784][Window size 6]
(16253 0.34996258362135674) [Memory: 124725064][Window size 6]
(16274 0.3392686872414423) [Memory: 124579384][Window size 6]
(16295 0.3171669428318251) [Memory: 124402664][Window size 6]
(16316 0.3483265576407079) [Memory: 124765256][Window size 6]
(16337 0.4231953379486621) [Memory: 124690488][Window size 6]
(16358 0.3364070852688905) [Memory: 124395304][Window size 6]
(16379 0.30723309423172535) [Memory: 124793976][Window size 6]
(16400 0.3440128446752064) [Memory: 124653352][Window size 6]
(16421 0.3423683308946626) [Memory: 124424728][Window size 6]
(16442 0.33300138167835375) [Memory: 124891224][Window size 6]
(16463 0.32581823342105837) [Memory: 124702008][Window size 6]
(16484 0.2811455700680281) [Memory: 124534040][Window size 6]
(16505 0.3831602105102052) [Memory: 124926600][Window size 6]
(16526 0.294608422880161) [Memory: 124746744][Window size 6]
(16547 0.33923807320141713) [Memory: 124584168][Window size 6]
(16568 0.3429113616750688) [Memory: 124869608][Window size 6]
(16589 0.32967952416619256) [Memory: 124774152][Window size 6]
(16610 0.3168595130319766) [Memory: 124629176][Window size 6]
(16631 0.36128550627495976) [Memory: 124368952][Window size 6]
(16652 0.36548634809966557) [Memory: 124802504][Window size 6]
(16673 0.34024109075966474) [Memory: 124673544][Window size 6]
(16694 0.312317372078432) [Memory: 124434680][Window size 6]
(16715 0.3124251046683612) [Memory: 124840648][Window size 6]
(16736 0.344344870523625) [Memory: 124646248][Window size 6]
(16757 0.28726311750116934) [Memory: 124480744][Window size 6]
(16778 0.3350411039712136) [Memory: 124881512][Window size 6]
(16799 0.3534902225333065) [Memory: 124761800][Window size 6]
(16820 0.28783346213804045) [Memory: 124530872][Window size 6]
(16841 0.30272589765918956) [Memory: 124834328][Window size 6]
(16862 0.33522476638399396) [Memory: 124727352][Window size 6]
(16883 0.2802786396850261) [Memory: 124582552][Window size 6]
(16904 0.34602425073064386) [Memory: 124404600][Window size 6]
(16925 0.28705345139777777) [Memory: 124767384][Window size 6]
(16946 0.30404738314768515) [Memory: 124631864][Window size 6]
(16967 0.3481901601612749) [Memory: 124410648][Window size 6]
(16988 0.367986668582406) [Memory: 124805720][Window size 6]
(17009 0.31833021596968125) [Memory: 124667720][Window size 6]
(17030 0.336586262136533) [Memory: 124434488][Window size 6]
(17051 0.32311006943276893) [Memory: 124839704][Window size 6]
(17072 0.28541403348964134) [Memory: 124715048][Window size 6]
(17093 0.3547139022409787) [Memory: 124488136][Window size 6]
(17114 0.3380813647935534) [Memory: 124943848][Window size 6]
(17135 0.3391473869447406) [Memory: 124760456][Window size 6]
(17156 0.35076093041977324) [Memory: 124596344][Window size 6]
(17177 0.2575237183435905) [Memory: 124880888][Window size 6]
(17198 0.3276085562426172) [Memory: 124720792][Window size 6]
(17219 0.3688156338016709) [Memory: 124641496][Window size 6]
(17240 0.3529553675880767) [Memory: 124388888][Window size 6]
(17261 0.31537150979158496) [Memory: 124762968][Window size 6]
(17282 0.3011386125172027) [Memory: 124697032][Window size 6]
(17303 0.2871477126139393) [Memory: 124396840][Window size 6]
(17324 0.3022802846841364) [Memory: 124863576][Window size 6]
(17345 0.30918785619460204) [Memory: 124662008][Window size 6]
(17366 0.35197422386192806) [Memory: 124496872][Window size 6]
(17387 0.302032559373082) [Memory: 124897672][Window size 6]
(17408 0.33225685964784946) [Memory: 124709032][Window size 6]
(17429 0.3510612832412742) [Memory: 124545000][Window size 6]
(17450 0.3078294667587213) [Memory: 124853032][Window size 6]
(17471 0.28647778587850686) [Memory: 124821368][Window size 6]
(17492 0.3068224311600504) [Memory: 124594392][Window size 6]
(17513 0.28951893761700326) [Memory: 124361400][Window size 6]
(17534 0.27613716363925306) [Memory: 124776840][Window size 6]
(17555 0.28944305231339146) [Memory: 124638728][Window size 6]
(17576 0.3751134555508255) [Memory: 124420008][Window size 6]
(17597 0.29266634178133843) [Memory: 124811560][Window size 6]
(17618 0.2886937035572333) [Memory: 124603992][Window size 6]
(17639 0.3368266698322695) [Memory: 124440696][Window size 6]
(17660 0.3496324211095108) [Memory: 124849544][Window size 6]
(17681 0.3498937637562421) [Memory: 124722856][Window size 6]
(17702 0.3025716154519789) [Memory: 124492632][Window size 6]
(17723 0.2970078196690065) [Memory: 124885112][Window size 6]
(17744 0.2664792469088572) [Memory: 124765016][Window size 6]
(17765 0.27888620433076533) [Memory: 124534136][Window size 6]
(17786 0.2818574605694421) [Memory: 124887640][Window size 6]
(17807 0.31569682951774286) [Memory: 124723080][Window size 6]
(17828 0.31016384526304963) [Memory: 124647112][Window size 6]
(17849 0.29696867627404383) [Memory: 124390344][Window size 6]
(17870 0.23628780010833006) [Memory: 124820504][Window size 6]
(17891 0.32964782887094846) [Memory: 124687064][Window size 6]
(17912 0.2702509059427392) [Memory: 124383272][Window size 6]
(17933 0.25824254841302924) [Memory: 124855304][Window size 6]
(17954 0.2820518720795697) [Memory: 124659224][Window size 6]
(17975 0.2657815201827816) [Memory: 124429480][Window size 6]
(17996 0.3011735942679262) [Memory: 124891240][Window size 6]
(18017 0.282806120880613) [Memory: 124698408][Window size 6]
(18038 0.2693981242940409) [Memory: 124536024][Window size 6]
(18059 0.3095329424375979) [Memory: 124923912][Window size 6]
(18080 0.3091285018944707) [Memory: 124812440][Window size 6]
(18101 0.2764953677853137) [Memory: 124581640][Window size 6]
(18122 0.24266536643527334) [Memory: 124351528][Window size 6]
(18143 0.32772422539471074) [Memory: 124769256][Window size 6]
(18164 0.2709291254901989) [Memory: 124628584][Window size 6]
(18185 0.24134856940137148) [Memory: 124415848][Window size 6]
(18206 0.2921109317204705) [Memory: 124804744][Window size 6]
(18227 0.29263858911183876) [Memory: 124661128][Window size 6]
(18248 0.2869616264515131) [Memory: 124433576][Window size 6]
(18269 0.24234300517694532) [Memory: 124839064][Window size 6]
(18290 0.32633467074802897) [Memory: 124712504][Window size 6]
(18311 0.3028099182328829) [Memory: 124484584][Window size 6]
(18332 0.2598626648009077) [Memory: 124880648][Window size 6]
(18353 0.29904828390475074) [Memory: 124762408][Window size 6]
(18374 0.3071434411700767) [Memory: 124529496][Window size 6]
(18395 0.2544158550494095) [Memory: 124889432][Window size 6]
(18416 0.22633597707136402) [Memory: 124720888][Window size 6]
(18437 0.2615737427135632) [Memory: 124639080][Window size 6]
(18458 0.25159474400103515) [Memory: 124390920][Window size 6]
(18479 0.28157539199036) [Memory: 124755784][Window size 6]
(18500 0.29116872925713255) [Memory: 124686024][Window size 6]
(18521 0.2660327464119172) [Memory: 124387080][Window size 6]
(18542 0.27079620548270583) [Memory: 124857000][Window size 6]
(18563 0.2837733251084859) [Memory: 124656056][Window size 6]
(18584 0.2655835597218244) [Memory: 124426664][Window size 6]
(18605 0.27000932304335534) [Memory: 124890920][Window size 6]
(18626 0.29541155352704546) [Memory: 124704392][Window size 6]
(18647 0.24965876889003014) [Memory: 124542408][Window size 6]
(18668 0.2689677706098487) [Memory: 124927752][Window size 6]
(18689 0.2986954025127849) [Memory: 124750552][Window size 6]
(18710 0.24453062466533027) [Memory: 124579576][Window size 6]
(18731 0.2616591943620829) [Memory: 124349560][Window size 6]
(18752 0.2835450342087188) [Memory: 124762184][Window size 6]
(18773 0.2532693373621488) [Memory: 124623752][Window size 6]
(18794 0.30985903687026767) [Memory: 124413144][Window size 6]
(18815 0.2319196310268471) [Memory: 124800328][Window size 6]
(18836 0.2808591553538426) [Memory: 124594664][Window size 6]
(18857 0.29439002585476515) [Memory: 124438024][Window size 6]
(18878 0.23206189449869818) [Memory: 124841400][Window size 6]
(18899 0.28531332096336004) [Memory: 124710552][Window size 6]
(18920 0.2717620045696794) [Memory: 124482456][Window size 6]
(18941 0.2290789200376154) [Memory: 124878072][Window size 6]
(18962 0.2282260660822603) [Memory: 124756024][Window size 6]
(18983 0.23764304521955212) [Memory: 124529240][Window size 6]
(19004 0.2501384973111233) [Memory: 124889208][Window size 6]
(19025 0.26562202039910615) [Memory: 124721848][Window size 6]
(19046 0.26677748723613987) [Memory: 124578712][Window size 6]
(19067 0.22047468548815774) [Memory: 124397944][Window size 6]
(19088 0.23026092474556967) [Memory: 124761720][Window size 6]
(19109 0.2755757220733434) [Memory: 124694632][Window size 6]
(19130 0.2695235906456472) [Memory: 124399080][Window size 6]
(19151 0.277123827224449) [Memory: 124798776][Window size 6]
(19172 0.27388108547400875) [Memory: 124663848][Window size 6]
(19193 0.23187082625552022) [Memory: 124432984][Window size 6]
(19214 0.22592447585474043) [Memory: 124900824][Window size 6]
(19235 0.25930288531934303) [Memory: 124711048][Window size 6]
(19256 0.24600208039823337) [Memory: 124484632][Window size 6]
(19277 0.24684405250051986) [Memory: 124942648][Window size 6]
(19298 0.26470141031936184) [Memory: 124762472][Window size 6]
(19319 0.22470560429954087) [Memory: 124597528][Window size 6]
(19340 0.2617972869806721) [Memory: 124374072][Window size 6]
(19361 0.22936273228170215) [Memory: 124722280][Window size 6]
(19382 0.23755089596205115) [Memory: 124645656][Window size 6]
(19403 0.19159502308757415) [Memory: 124374456][Window size 6]
(19424 0.23891784961915427) [Memory: 124819352][Window size 6]
(19445 0.2680002833406172) [Memory: 124609528][Window size 6]
(19466 0.21143481937892725) [Memory: 124453320][Window size 6]
(19487 0.22108983645706606) [Memory: 124853592][Window size 6]
(19508 0.2284204406336823) [Memory: 124658904][Window size 6]
(19529 0.2143271355840426) [Memory: 124494328][Window size 6]
(19550 0.2578518285722984) [Memory: 124888904][Window size 6]
(19571 0.2587591498417379) [Memory: 124766376][Window size 6]
(19592 0.25173297471089895) [Memory: 124537800][Window size 6]
(19613 0.2519317186634716) [Memory: 124897960][Window size 6]
(19634 0.23583791605602697) [Memory: 124729096][Window size 6]
(19655 0.19893277968864956) [Memory: 124579736][Window size 6]
(19676 0.24118839202991127) [Memory: 124402600][Window size 6]
(19697 0.25189713279479037) [Memory: 124765880][Window size 6]
(19718 0.23659395033442) [Memory: 124695384][Window size 6]
(19739 0.24078879377193294) [Memory: 124400056][Window size 6]
(19760 0.21325347738093545) [Memory: 124800456][Window size 6]
(19781 0.21935851424334815) [Memory: 124662248][Window size 6]
(19802 0.23437941001131612) [Memory: 124430728][Window size 6]
(19823 0.24837532584340338) [Memory: 124898472][Window size 6]
(19844 0.21613194985584727) [Memory: 124705528][Window size 6]
(19865 0.21689522526874472) [Memory: 124475336][Window size 6]
(19886 0.23929700466890624) [Memory: 124930504][Window size 6]
(19907 0.2134434476105395) [Memory: 124752296][Window size 6]
(19928 0.219505683840869) [Memory: 124584408][Window size 6]
(19949 0.24683889264416223) [Memory: 124868200][Window size 6]
(19970 0.22699684868456405) [Memory: 124768168][Window size 6]
(19991 0.23955663291228688) [Memory: 124625656][Window size 6]
Accuracy: 0.9855769230769231
