(20 0.9702555316706998) [Memory: 124162072][Window size 6]
(41 0.969849926139458) [Memory: 124038808][Window size 6]
(62 0.9605924961306037) [Memory: 124354568][Window size 6]
(83 0.9407429687831579) [Memory: 124357144][Window size 6]
(104 0.9258414165545132) [Memory: 124327064][Window size 6]
(125 0.9459795399445969) [Memory: 124250568][Window size 6]
(146 0.9483181610310515) [Memory: 124154408][Window size 6]
(167 0.956463194465627) [Memory: 124108056][Window size 6]
(188 0.9055905864039131) [Memory: 124015448][Window size 6]
(209 0.9028169908170391) [Memory: 124354808][Window size 6]
(230 0.8891044527666366) [Memory: 124352264][Window size 6]
(251 0.9081210045382205) [Memory: 124369816][Window size 6]
(272 0.8818282028933847) [Memory: 124200072][Window size 6]
(293 0.8885833178576461) [Memory: 124170904][Window size 6]
(314 0.8636713194314568) [Memory: 124039080][Window size 6]
(335 0.8784244695772081) [Memory: 123979016][Window size 6]
(356 0.8737727521293145) [Memory: 124338776][Window size 6]
(377 0.8440933238461854) [Memory: 124320232][Window size 6]
(398 0.838259955201635) [Memory: 124316856][Window size 6]
(419 0.8619008124922015) [Memory: 124217192][Window size 6]
(440 0.8774722787109727) [Memory: 124111080][Window size 6]
(461 0.8731591394752675) [Memory: 123994824][Window size 6]
(482 0.8128968152597426) [Memory: 124332808][Window size 6]
(503 0.8068934116892642) [Memory: 124333048][Window size 6]
(524 0.8447087931775451) [Memory: 124297832][Window size 6]
(545 0.8105233492859081) [Memory: 124273768][Window size 6]
(566 0.8061729703887804) [Memory: 124188984][Window size 6]
(587 0.7806776449023497) [Memory: 124059208][Window size 6]
(608 0.8168195682823559) [Memory: 123984456][Window size 6]
(629 0.8087095287163066) [Memory: 124333784][Window size 6]
(650 0.8316066004510368) [Memory: 124321368][Window size 6]
(671 0.7903507733786764) [Memory: 124332888][Window size 6]
(692 0.7896454369421847) [Memory: 124226952][Window size 6]
(713 0.741828044538118) [Memory: 124195064][Window size 6]
(734 0.7638450525831201) [Memory: 124006888][Window size 6]
(755 0.7704617104500769) [Memory: 124322984][Window size 6]
(776 0.787318577117963) [Memory: 124325176][Window size 6]
(797 0.7405601117536266) [Memory: 124295720][Window size 6]
(818 0.7907531445936892) [Memory: 124282392][Window size 6]
(839 0.7658546395008715) [Memory: 124184904][Window size 6]
(860 0.7282397612316517) [Memory: 124137032][Window size 6]
(881 0.7314895340236656) [Memory: 124039208][Window size 6]
(902 0.7328073946828443) [Memory: 124315288][Window size 6]
(923 0.730237106482997) [Memory: 124314136][Window size 6]
(944 0.773874803233582) [Memory: 124337272][Window size 6]
(965 0.6935015828441657) [Memory: 124236392][Window size 6]
(986 0.6719449934619304) [Memory: 124215720][Window size 6]
(1007 0.7068948212290284) [Memory: 124083832][Window size 6]
(1028 0.7288830551489972) [Memory: 123957272][Window size 6]
(1049 0.7275314111945135) [Memory: 124319832][Window size 6]
(1070 0.6739660384738965) [Memory: 124299608][Window size 6]
(1091 0.6504474348959032) [Memory: 124300216][Window size 6]
(1112 0.6996122898655401) [Memory: 124196168][Window size 6]
(1133 0.6343879694457287) [Memory: 124157368][Window size 6]
(1154 0.6850807854669343) [Memory: 124040424][Window size 6]
(1175 0.6149575257479333) [Memory: 124312584][Window size 6]
(1196 0.6719415495004983) [Memory: 124310088][Window size 6]
(1217 0.6544482494441207) [Memory: 124269528][Window size 6]
(1238 0.6660378789006044) [Memory: 124248120][Window size 6]
(1259 0.6297687023820044) [Memory: 124227064][Window size 6]
(1280 0.5989997195475825) [Memory: 124093352][Window size 6]
(1301 0.6358626986363597) [Memory: 124020744][Window size 6]
(1322 0.6001947680967216) [Memory: 124369176][Window size 6]
(1343 0.5974614225062527) [Memory: 124287848][Window size 6]
(1364 0.6226334139329865) [Memory: 124297304][Window size 6]
(1385 0.6119215827977952) [Memory: 124192760][Window size 6]
(1406 0.5787614135142157) [Memory: 124156648][Window size 6]
(1427 0.6503083376002081) [Memory: 124034088][Window size 6]
(1448 0.6312807098017493) [Memory: 124351768][Window size 6]
(1469 0.6628669900360885) [Memory: 124353336][Window size 6]
(1490 0.5764296013324534) [Memory: 124321944][Window size 6]
(1511 0.5767621201442763) [Memory: 124242952][Window size 6]
(1532 0.6034562576910122) [Memory: 124141208][Window size 6]
(1553 0.5800787166847535) [Memory: 124098712][Window size 6]
(1574 0.6326220981724383) [Memory: 124006760][Window size 6]
(1595 0.5505923514860199) [Memory: 124347192][Window size 6]
(1616 0.5748966841786082) [Memory: 124346696][Window size 6]
(1637 0.5152446681187585) [Memory: 124367256][Window size 6]
(1658 0.5250082421944899) [Memory: 124202344][Window size 6]
(1679 0.5443839015549861) [Memory: 124173032][Window size 6]
(1700 0.5227833482567311) [Memory: 124040824][Window size 6]
(1721 0.4679198615514098) [Memory: 123975816][Window size 6]
(1742 0.5080915623724982) [Memory: 124339224][Window size 6]
(1763 0.45261377596757657) [Memory: 124318248][Window size 6]
(1784 0.5855969011187944) [Memory: 124320232][Window size 6]
(1805 0.46901732391524864) [Memory: 124156536][Window size 6]
(1826 0.4210332753805351) [Memory: 124117384][Window size 6]
(1847 0.44601228018370015) [Memory: 124001624][Window size 6]
(1868 0.4867338521488931) [Memory: 124335496][Window size 6]
(1889 0.4840484748587823) [Memory: 124330600][Window size 6]
(1910 0.5080181582549036) [Memory: 124293272][Window size 6]
(1931 0.5351151141260285) [Memory: 124270536][Window size 6]
(1952 0.39265490520797575) [Memory: 124248344][Window size 6]
(1973 0.38848162787407986) [Memory: 124053112][Window size 6]
(1994 0.5060280778487313) [Memory: 123978360][Window size 6]
(2015 0.440703797769273) [Memory: 124323080][Window size 6]
(2036 0.5588742135039072) [Memory: 124313816][Window size 6]
(2057 0.4303400870422894) [Memory: 124320184][Window size 6]
(2078 0.4667103065727425) [Memory: 124215672][Window size 6]
(2099 0.4234156640164088) [Memory: 124181320][Window size 6]
(2120 0.3943612404487298) [Memory: 124056040][Window size 6]
(2141 0.46824968576984133) [Memory: 124310568][Window size 6]
(2162 0.45731133184203143) [Memory: 124315224][Window size 6]
(2183 0.4556649321842002) [Memory: 124285208][Window size 6]
(2204 0.3831329971995312) [Memory: 124270920][Window size 6]
(2225 0.3296002611812948) [Memory: 124176888][Window size 6]
(2246 0.3928156256509052) [Memory: 124131144][Window size 6]
(2267 0.35188456019766656) [Memory: 124034600][Window size 6]
(2288 0.38824342169488074) [Memory: 124313096][Window size 6]
(2309 0.39100057297472435) [Memory: 124307560][Window size 6]
(2330 0.408205356624012) [Memory: 124331688][Window size 6]
(2351 0.41273631189149396) [Memory: 124231224][Window size 6]
(2372 0.335413650478519) [Memory: 124203800][Window size 6]
(2393 0.3425733776889122) [Memory: 124073496][Window size 6]
(2414 0.36003769324740414) [Memory: 124012072][Window size 6]
(2435 0.3318815631957534) [Memory: 124308072][Window size 6]
(2456 0.4295654426753346) [Memory: 124288104][Window size 6]
(2477 0.27178751994011785) [Memory: 124288136][Window size 6]
(2498 0.329171314587959) [Memory: 124185560][Window size 6]
(2519 0.3532732675152985) [Memory: 124150520][Window size 6]
(2540 0.36991767529364283) [Memory: 124034664][Window size 6]
(2561 0.28733357403269905) [Memory: 124307864][Window size 6]
(2582 0.30874033665498507) [Memory: 124305192][Window size 6]
(2603 0.2771183508981362) [Memory: 124267208][Window size 6]
(2624 0.4050241127848502) [Memory: 124242680][Window size 6]
(2645 0.3420725538028759) [Memory: 124224248][Window size 6]
(2666 0.3192750500726304) [Memory: 124092728][Window size 6]
(2687 0.3257841224419502) [Memory: 124018920][Window size 6]
(2708 0.24812983985351264) [Memory: 124362920][Window size 6]
(2729 0.26478397565724876) [Memory: 124286056][Window size 6]
(2750 0.2530193113174761) [Memory: 124294728][Window size 6]
(2771 0.36903066197919987) [Memory: 124194776][Window size 6]
(2792 0.2890945220889635) [Memory: 124158472][Window size 6]
(2813 0.22568371220827319) [Memory: 124031432][Window size 6]
(2834 0.25802113014483335) [Memory: 124343720][Window size 6]
(2855 0.2968278294361351) [Memory: 124340568][Window size 6]
(2876 0.18766448384969245) [Memory: 124305240][Window size 6]
(2897 0.295006491036885) [Memory: 124293976][Window size 6]
(2918 0.3556852270485586) [Memory: 124192280][Window size 6]
(2939 0.35394134548242184) [Memory: 124084728][Window size 6]
(2960 0.3699006137262521) [Memory: 123990360][Window size 6]
(2981 0.2823597033095098) [Memory: 124329192][Window size 6]
(3002 0.2431844493432458) [Memory: 124326968][Window size 6]
(3023 0.25006763722990644) [Memory: 124347464][Window size 6]
(3044 0.3937452962184555) [Memory: 124243080][Window size 6]
(3065 0.27528497672682334) [Memory: 124215352][Window size 6]
(3086 0.3027108990076901) [Memory: 124084152][Window size 6]
(3107 0.2569539015917151) [Memory: 123955496][Window size 6]
(3128 0.2989604604570591) [Memory: 124313112][Window size 6]
(3149 0.31859310967319726) [Memory: 124294072][Window size 6]
(3170 0.204170736135605) [Memory: 124291160][Window size 6]
(3191 0.17925693751537367) [Memory: 124193240][Window size 6]
(3212 0.2710299308635582) [Memory: 124155208][Window size 6]
(3233 0.2795634759337798) [Memory: 124042872][Window size 6]
(3254 0.24108264430445692) [Memory: 124315256][Window size 6]
(3275 0.22438404905587775) [Memory: 124309992][Window size 6]
(3296 0.2669609541556383) [Memory: 124270968][Window size 6]
(3317 0.2931448376825775) [Memory: 124249704][Window size 6]
(3338 0.24019740967440137) [Memory: 124226248][Window size 6]
(3359 0.21857324705976253) [Memory: 124098392][Window size 6]
(3380 0.31861043246439075) [Memory: 124023224][Window size 6]
(3401 0.33423026335419664) [Memory: 124368360][Window size 6]
(3422 0.2990301826225015) [Memory: 124289976][Window size 6]
(3443 0.22092916843933252) [Memory: 124299848][Window size 6]
(3464 0.22001446736725216) [Memory: 124195752][Window size 6]
(3485 0.3287877327406386) [Memory: 124161816][Window size 6]
(3506 0.33684132940416656) [Memory: 124038232][Window size 6]
(3527 0.20480570772066778) [Memory: 124352616][Window size 6]
(3548 0.22535167396368547) [Memory: 124354776][Window size 6]
(3569 0.31485438163257334) [Memory: 124327000][Window size 6]
(3590 0.23697946768720354) [Memory: 124248184][Window size 6]
(3611 0.27950633748990916) [Memory: 124147304][Window size 6]
(3632 0.18588304995620608) [Memory: 124101416][Window size 6]
(3653 0.23794084474327992) [Memory: 124007960][Window size 6]
(3674 0.2935936328259386) [Memory: 124348648][Window size 6]
(3695 0.3671429576823464) [Memory: 124340040][Window size 6]
(3716 0.2934145161530151) [Memory: 124358600][Window size 6]
(3737 0.21563709633917572) [Memory: 124252904][Window size 6]
(3758 0.251231452443694) [Memory: 124222168][Window size 6]
(3779 0.1980934599622736) [Memory: 124024968][Window size 6]
(3800 0.23398370137812252) [Memory: 123963544][Window size 6]
(3821 0.22498092492079394) [Memory: 124320680][Window size 6]
(3842 0.2580125760550626) [Memory: 124295496][Window size 6]
(3863 0.16944167012024647) [Memory: 124295400][Window size 6]
(3884 0.27229045146501557) [Memory: 124189880][Window size 6]
(3905 0.21987899389002) [Memory: 124151000][Window size 6]
(3926 0.17802975926267364) [Memory: 124036728][Window size 6]
(3947 0.20876920947419672) [Memory: 124309864][Window size 6]
(3968 0.16604209596768027) [Memory: 124310984][Window size 6]
(3989 0.192877665147365) [Memory: 124269656][Window size 6]
(4010 0.12895765227975128) [Memory: 124251112][Window size 6]
(4031 0.2338278937193107) [Memory: 124229416][Window size 6]
(4052 0.17314888710060602) [Memory: 124103528][Window size 6]
(4073 0.25788920676945676) [Memory: 124028376][Window size 6]
(4094 0.2087224781936237) [Memory: 124309576][Window size 6]
(4115 0.2259222065413388) [Memory: 124298616][Window size 6]
(4136 0.16763372481969632) [Memory: 124312184][Window size 6]
(4157 0.15176137458810976) [Memory: 124213144][Window size 6]
(4178 0.2470059121862969) [Memory: 124177016][Window size 6]
(4199 0.1873051113882639) [Memory: 124053224][Window size 6]
(4220 0.2377581231613836) [Memory: 124369240][Window size 6]
(4241 0.22543295470547908) [Memory: 124309432][Window size 6]
(4262 0.20455245476549724) [Memory: 124281304][Window size 6]
(4283 0.15300496987495332) [Memory: 124269384][Window size 6]
(4304 0.16812553106613418) [Memory: 124167432][Window size 6]
(4325 0.18540480761369038) [Memory: 124123864][Window size 6]
(4346 0.22443822447821007) [Memory: 124025016][Window size 6]
(4367 0.14372975644525302) [Memory: 124365480][Window size 6]
(4388 0.200795717880378) [Memory: 124296424][Window size 6]
(4409 0.27021107320776355) [Memory: 124320872][Window size 6]
(4430 0.20739201111056027) [Memory: 124217864][Window size 6]
(4451 0.20240674584498383) [Memory: 124186824][Window size 6]
(4472 0.21298762436686244) [Memory: 124054616][Window size 6]
(4493 0.23874839299780745) [Memory: 123990456][Window size 6]
(4514 0.23488412114671156) [Memory: 124350904][Window size 6]
(4535 0.20120531873459366) [Memory: 124333496][Window size 6]
(4556 0.13002184711517709) [Memory: 124269544][Window size 6]
(4577 0.12056232481337252) [Memory: 124168088][Window size 6]
(4598 0.1349417546223719) [Memory: 124125336][Window size 6]
(4619 0.18483524076977922) [Memory: 124012152][Window size 6]
(4640 0.280865151403317) [Memory: 124348024][Window size 6]
(4661 0.19483333625129376) [Memory: 124343512][Window size 6]
(4682 0.19393735440593074) [Memory: 124303272][Window size 6]
(4703 0.2128224696380042) [Memory: 124280728][Window size 6]
(4724 0.20744628063517342) [Memory: 124115272][Window size 6]
(4745 0.22008499836323545) [Memory: 124063864][Window size 6]
(4766 0.1459715221004116) [Memory: 123993048][Window size 6]
(4787 0.17069079062313833) [Memory: 124338152][Window size 6]
(4808 0.15681946848815204) [Memory: 124323656][Window size 6]
(4829 0.22015870340366683) [Memory: 124332104][Window size 6]
(4850 0.1841231358947485) [Memory: 124229064][Window size 6]
(4871 0.15240403424017843) [Memory: 124199704][Window size 6]
(4892 0.12626074682398933) [Memory: 124007928][Window size 6]
(4913 0.18039505026108762) [Memory: 124325160][Window size 6]
(4934 0.17713692550587054) [Memory: 124327016][Window size 6]
(4955 0.20463300398600368) [Memory: 124297592][Window size 6]
(4976 0.15426326591664247) [Memory: 124283272][Window size 6]
(4997 0.15785512939849) [Memory: 124183976][Window size 6]
(5018 0.20135296738823985) [Memory: 124080808][Window size 6]
(5039 0.1728783015332025) [Memory: 123986040][Window size 6]
(5060 0.2149596396430912) [Memory: 124326808][Window size 6]
(5081 0.15220624100953395) [Memory: 124324264][Window size 6]
(5102 0.17277934269212059) [Memory: 124344920][Window size 6]
(5123 0.26122799771481864) [Memory: 124236600][Window size 6]
(5144 0.11450836364693302) [Memory: 124206632][Window size 6]
(5165 0.2443601625390294) [Memory: 124076408][Window size 6]
(5186 0.2353037955214207) [Memory: 124010360][Window size 6]
(5207 0.11969070852626379) [Memory: 124306424][Window size 6]
(5228 0.1519333643580282) [Memory: 124285832][Window size 6]
(5249 0.17657684214457123) [Memory: 124288600][Window size 6]
(5270 0.21355848418556897) [Memory: 124186488][Window size 6]
(5291 0.1310330027359176) [Memory: 124147400][Window size 6]
(5312 0.13065056870609681) [Memory: 124029272][Window size 6]
(5333 0.1744467020878755) [Memory: 124361192][Window size 6]
(5354 0.07609904177935377) [Memory: 124360360][Window size 6]
(5375 0.20931949663744254) [Memory: 124258792][Window size 6]
(5396 0.1875099333187338) [Memory: 124234408][Window size 6]
(5417 0.17637202884747502) [Memory: 124131560][Window size 6]
(5438 0.17253882932072484) [Memory: 124083208][Window size 6]
(5459 0.16382694265407924) [Memory: 124011704][Window size 6]
(5480 0.2652298065848806) [Memory: 124358568][Window size 6]
(5501 0.18668514206462095) [Memory: 124347272][Window size 6]
(5522 0.12349894860318104) [Memory: 124291416][Window size 6]
(5543 0.26349095779502335) [Memory: 124188152][Window size 6]
(5564 0.08427401449315251) [Memory: 124153512][Window size 6]
(5585 0.18535659611826305) [Memory: 124029112][Window size 6]
(5606 0.09588070103916875) [Memory: 124345080][Window size 6]
(5627 0.11573196130713333) [Memory: 124351368][Window size 6]
(5648 0.1536555783721988) [Memory: 124317528][Window size 6]
(5669 0.18081078450190882) [Memory: 124243016][Window size 6]
(5690 0.19738287837887084) [Memory: 124140968][Window size 6]
(5711 0.11929312111935199) [Memory: 124093000][Window size 6]
(5732 0.19304678659709804) [Memory: 123997624][Window size 6]
(5753 0.1405533798816102) [Memory: 124339288][Window size 6]
(5774 0.21637199385026937) [Memory: 124336872][Window size 6]
(5795 0.16677118731098625) [Memory: 124355896][Window size 6]
(5816 0.20878410628190167) [Memory: 124249800][Window size 6]
(5837 0.16457770457626406) [Memory: 124221784][Window size 6]
(5858 0.18675037525515126) [Memory: 124026280][Window size 6]
(5879 0.19197637522294994) [Memory: 123962728][Window size 6]
(5900 0.15417593237090685) [Memory: 124323928][Window size 6]
(5921 0.17572465028376708) [Memory: 124305208][Window size 6]
(5942 0.1648253491160472) [Memory: 124298056][Window size 6]
(5963 0.16042187343325146) [Memory: 124195016][Window size 6]
(5984 0.20682345939437005) [Memory: 124157208][Window size 6]
(6005 0.17018360797069074) [Memory: 124041560][Window size 6]
(6026 0.1765964658672806) [Memory: 124309448][Window size 6]
(6047 0.10313559314999603) [Memory: 124305384][Window size 6]
(6068 0.15998784262794566) [Memory: 124267128][Window size 6]
(6089 0.11643392503931493) [Memory: 124243480][Window size 6]
(6110 0.2688412237289701) [Memory: 124222552][Window size 6]
(6131 0.12012449911948665) [Memory: 124089528][Window size 6]
(6152 0.13485876503343178) [Memory: 124013672][Window size 6]
(6173 0.18325532749197868) [Memory: 124357528][Window size 6]
(6194 0.19840340418092017) [Memory: 124347064][Window size 6]
(6215 0.14222264775803714) [Memory: 124290456][Window size 6]
(6236 0.27948691490844374) [Memory: 124191784][Window size 6]
(6257 0.15184320790701614) [Memory: 124159000][Window size 6]
(6278 0.14063064953222523) [Memory: 124034456][Window size 6]
(6299 0.14101408050300865) [Memory: 124352104][Window size 6]
(6320 0.20889861776723562) [Memory: 124353784][Window size 6]
(6341 0.1478534251651316) [Memory: 124320968][Window size 6]
(6362 0.19173798700240832) [Memory: 124246152][Window size 6]
(6383 0.21324525324586963) [Memory: 124148952][Window size 6]
(6404 0.15325785106170597) [Memory: 124103960][Window size 6]
(6425 0.1750385555300277) [Memory: 124005528][Window size 6]
(6446 0.138820250532848) [Memory: 124346728][Window size 6]
(6467 0.13661001177285573) [Memory: 124345848][Window size 6]
(6488 0.22669990735462045) [Memory: 124364696][Window size 6]
(6509 0.163713988150227) [Memory: 124260232][Window size 6]
(6530 0.1209607043200615) [Memory: 124166504][Window size 6]
(6551 0.1534683931931907) [Memory: 124034232][Window size 6]
(6572 0.11937805644670951) [Memory: 123970824][Window size 6]
(6593 0.1485764055819182) [Memory: 124331736][Window size 6]
(6614 0.2207997627156472) [Memory: 124310024][Window size 6]
(6635 0.16898497171487548) [Memory: 124303016][Window size 6]
(6656 0.07995480100815454) [Memory: 124199640][Window size 6]
(6677 0.1826956752441368) [Memory: 124164344][Window size 6]
(6698 0.1957904505132917) [Memory: 123987960][Window size 6]
(6719 0.1297228602581423) [Memory: 124320760][Window size 6]
(6740 0.16151127927836592) [Memory: 124325864][Window size 6]
(6761 0.18675822704295544) [Memory: 124285800][Window size 6]
(6782 0.14749307827608035) [Memory: 124259768][Window size 6]
(6803 0.23395371334162487) [Memory: 124232696][Window size 6]
(6824 0.1645014787411173) [Memory: 124101096][Window size 6]
(6845 0.13057200379669004) [Memory: 124027752][Window size 6]
(6866 0.13671693267878193) [Memory: 124309944][Window size 6]
(6887 0.11865967798101558) [Memory: 124299800][Window size 6]
(6908 0.05665169160244057) [Memory: 124309256][Window size 6]
(6929 0.1640526469219785) [Memory: 124207240][Window size 6]
(6950 0.23899808771273381) [Memory: 124171512][Window size 6]
(6971 0.1824250632324901) [Memory: 124046744][Window size 6]
(6992 0.12297646117784916) [Memory: 124367928][Window size 6]
(7013 0.2111031995365672) [Memory: 124304776][Window size 6]
(7034 0.1618559097050968) [Memory: 124273080][Window size 6]
(7055 0.14700638743756558) [Memory: 124265736][Window size 6]
(7076 0.1579160129914859) [Memory: 124163528][Window size 6]
(7097 0.21174776606606097) [Memory: 124119480][Window size 6]
(7118 0.11601488052167559) [Memory: 124025368][Window size 6]
(7139 0.10558745788048508) [Memory: 124366600][Window size 6]
(7160 0.08500334993991826) [Memory: 124297384][Window size 6]
(7181 0.1752967969473319) [Memory: 124320600][Window size 6]
(7202 0.09800520568710341) [Memory: 124216184][Window size 6]
(7223 0.16970506168554952) [Memory: 124186232][Window size 6]
(7244 0.15143657109777622) [Memory: 124057112][Window size 6]
(7265 0.10536967073837866) [Memory: 123995704][Window size 6]
(7286 0.10158891011954685) [Memory: 124357032][Window size 6]
(7307 0.1834944866296442) [Memory: 124335448][Window size 6]
(7328 0.17611065592333705) [Memory: 124266888][Window size 6]
(7349 0.1730641570619218) [Memory: 124165032][Window size 6]
(7370 0.09707871734548353) [Memory: 124124088][Window size 6]
(7391 0.18854657408722375) [Memory: 124011592][Window size 6]
(7412 0.12322648038456967) [Memory: 124343912][Window size 6]
(7433 0.11781474801011134) [Memory: 124345496][Window size 6]
(7454 0.10182468371534949) [Memory: 124249544][Window size 6]
(7475 0.1271466685604482) [Memory: 124224632][Window size 6]
(7496 0.12276821203712733) [Memory: 124204200][Window size 6]
(7517 0.14944794744979115) [Memory: 124073656][Window size 6]
(7538 0.19207279629938268) [Memory: 123995544][Window size 6]
(7559 0.1659756113558905) [Memory: 124344248][Window size 6]
(7580 0.19000585582928742) [Memory: 124328312][Window size 6]
(7601 0.1815159908826941) [Memory: 124340584][Window size 6]
(7622 0.1738904959283493) [Memory: 124234264][Window size 6]
(7643 0.14259368612182396) [Memory: 124138040][Window size 6]
(7664 0.21931969506109453) [Memory: 124014936][Window size 6]
(7685 0.22258262541566076) [Memory: 124332568][Window size 6]
(7706 0.17058041909755847) [Memory: 124331784][Window size 6]
(7727 0.13862736024419717) [Memory: 124302664][Window size 6]
(7748 0.1700495435756081) [Memory: 124288936][Window size 6]
(7769 0.16630109379252556) [Memory: 124190328][Window size 6]
(7790 0.18315004324096906) [Memory: 124080552][Window size 6]
(7811 0.12378020051252875) [Memory: 123985384][Window size 6]
(7832 0.12327217265668437) [Memory: 124324024][Window size 6]
(7853 0.25463288822958624) [Memory: 124322216][Window size 6]
(7874 0.0755639314917388) [Memory: 124340296][Window size 6]
(7895 0.15048822083521754) [Memory: 124233608][Window size 6]
(7916 0.18527848496308755) [Memory: 124201752][Window size 6]
(7937 0.22481593142111175) [Memory: 124071176][Window size 6]
(7958 0.14974246872611777) [Memory: 124012920][Window size 6]
(7979 0.15001568435504578) [Memory: 124311256][Window size 6]
(8000 0.16962199091160654) [Memory: 124294024][Window size 6]
(8021 0.20063755101142755) [Memory: 124289720][Window size 6]
(8042 0.12817774182711986) [Memory: 124185448][Window size 6]
(8063 0.10147476803252824) [Memory: 124143560][Window size 6]
(8084 0.09374380178235943) [Memory: 124029608][Window size 6]
(8105 0.15671560676050125) [Memory: 124362600][Window size 6]
(8126 0.15005560395920967) [Memory: 124361640][Window size 6]
(8147 0.10523944435688759) [Memory: 124260696][Window size 6]
(8168 0.20426626260177635) [Memory: 124238520][Window size 6]
(8189 0.11125397119499082) [Memory: 124211832][Window size 6]
(8210 0.22661664968818196) [Memory: 124083400][Window size 6]
(8231 0.15415320202644944) [Memory: 124005752][Window size 6]
(8252 0.17987159298774147) [Memory: 124354712][Window size 6]
(8273 0.17903292829127793) [Memory: 124339992][Window size 6]
(8294 0.1535542767391692) [Memory: 124350552][Window size 6]
(8315 0.1760429882232203) [Memory: 124182328][Window size 6]
(8336 0.19505251184325237) [Memory: 124147880][Window size 6]
(8357 0.195706612070731) [Memory: 124024312][Window size 6]
(8378 0.09110733244088152) [Memory: 124338280][Window size 6]
(8399 0.17058326603297383) [Memory: 124337864][Window size 6]
(8420 0.17049826113425662) [Memory: 124305880][Window size 6]
(8441 0.1445746931880751) [Memory: 124291464][Window size 6]
(8462 0.11074406524349704) [Memory: 124194680][Window size 6]
(8483 0.12823268400357368) [Memory: 124085272][Window size 6]
(8504 0.15389351119665304) [Memory: 123992248][Window size 6]
(8525 0.1278513532671279) [Memory: 124332808][Window size 6]
(8546 0.10046631161956497) [Memory: 124332264][Window size 6]
(8567 0.20039505179178854) [Memory: 124351240][Window size 6]
(8588 0.09303364832516971) [Memory: 124245864][Window size 6]
(8609 0.10792945611198161) [Memory: 124217512][Window size 6]
(8630 0.10327181095240351) [Memory: 124021592][Window size 6]
(8651 0.08815973891135544) [Memory: 123959256][Window size 6]
(8672 0.1436923424304031) [Memory: 124320408][Window size 6]
(8693 0.11926523659164369) [Memory: 124298680][Window size 6]
(8714 0.22181970135882012) [Memory: 124295736][Window size 6]
(8735 0.18672903185717513) [Memory: 124190520][Window size 6]
(8756 0.13141949285608498) [Memory: 124150088][Window size 6]
(8777 0.11314904527402397) [Memory: 124036616][Window size 6]
(8798 0.19458570624607952) [Memory: 124307928][Window size 6]
(8819 0.2553710174080029) [Memory: 124306856][Window size 6]
(8840 0.13640240726542088) [Memory: 124271368][Window size 6]
(8861 0.22280526051706806) [Memory: 124251416][Window size 6]
(8882 0.17117607007357175) [Memory: 124229496][Window size 6]
(8903 0.14600507670211926) [Memory: 124093448][Window size 6]
(8924 0.23396325700063744) [Memory: 124017032][Window size 6]
(8945 0.22470643285492675) [Memory: 124362712][Window size 6]
(8966 0.19278971338382275) [Memory: 124285272][Window size 6]
(8987 0.11676040157967456) [Memory: 124293032][Window size 6]
(9008 0.18208891487164677) [Memory: 124192776][Window size 6]
(9029 0.14255522698252732) [Memory: 124166216][Window size 6]
(9050 0.21141653015295747) [Memory: 124041816][Window size 6]
(9071 0.18558104912481133) [Memory: 124358936][Window size 6]
(9092 0.11842966578668163) [Memory: 124361528][Window size 6]
(9113 0.2036715194089048) [Memory: 124264488][Window size 6]
(9134 0.20249960461394415) [Memory: 124252408][Window size 6]
(9155 0.14871003404332783) [Memory: 124149624][Window size 6]
(9176 0.15821399679194456) [Memory: 124105352][Window size 6]
(9197 0.06491967381649576) [Memory: 124012536][Window size 6]
(9218 0.1963146622311028) [Memory: 124348888][Window size 6]
(9239 0.2134374745171718) [Memory: 124351528][Window size 6]
(9260 0.14920716196780692) [Memory: 124370200][Window size 6]
(9281 0.19738937381608554) [Memory: 124199848][Window size 6]
(9302 0.10818663334067175) [Memory: 124171544][Window size 6]
(9323 0.1564800803165426) [Memory: 124040856][Window size 6]
(9344 0.11105308504560056) [Memory: 123979464][Window size 6]
(9365 0.1258598688253482) [Memory: 124340072][Window size 6]
(9386 0.1540476259306834) [Memory: 124320392][Window size 6]
(9407 0.16276726669930053) [Memory: 124316888][Window size 6]
(9428 0.14208746229103345) [Memory: 124215128][Window size 6]
(9449 0.22861193943020197) [Memory: 124112568][Window size 6]
(9470 0.15572304379353843) [Memory: 123993848][Window size 6]
(9491 0.14569872793463864) [Memory: 124327176][Window size 6]
(9512 0.14808766744092264) [Memory: 124322504][Window size 6]
(9533 0.17885319892281434) [Memory: 124279432][Window size 6]
(9554 0.17685472827888193) [Memory: 124258616][Window size 6]
(9575 0.14600710245521584) [Memory: 124236776][Window size 6]
(9596 0.09410291227896121) [Memory: 124101912][Window size 6]
(9617 0.16042918148576632) [Memory: 124028840][Window size 6]
(9638 0.12786028145170636) [Memory: 124308536][Window size 6]
(9659 0.18229026347670094) [Memory: 124293160][Window size 6]
(9680 0.16499647166805845) [Memory: 124302808][Window size 6]
(9701 0.11535515136320233) [Memory: 124198680][Window size 6]
(9722 0.07315703360949091) [Memory: 124165944][Window size 6]
(9743 0.12216782192585417) [Memory: 124041064][Window size 6]
(9764 0.11700811526121908) [Memory: 124357992][Window size 6]
(9785 0.19009567535934443) [Memory: 124360984][Window size 6]
(9806 0.13145955156869377) [Memory: 124326744][Window size 6]
(9827 0.10042293001066262) [Memory: 124251032][Window size 6]
(9848 0.21857049369399387) [Memory: 124149880][Window size 6]
(9869 0.13248665819023384) [Memory: 124108968][Window size 6]
(9890 0.09638345901542174) [Memory: 124018264][Window size 6]
(9911 0.10841412860026411) [Memory: 124359800][Window size 6]
(9932 0.12652017450617745) [Memory: 124361496][Window size 6]
(9953 0.12042533456385147) [Memory: 124316728][Window size 6]
(9974 0.11717664182470143) [Memory: 124213928][Window size 6]
(9995 0.18181395707665218) [Memory: 124187416][Window size 6]
(10016 0.15357675944541452) [Memory: 124058744][Window size 6]
(10037 0.18207422598091047) [Memory: 123996984][Window size 6]
(10058 0.1081157918497851) [Memory: 124354136][Window size 6]
(10079 0.13488419923932468) [Memory: 124333768][Window size 6]
(10100 0.1690712185087833) [Memory: 124269848][Window size 6]
(10121 0.14002413020716747) [Memory: 124169256][Window size 6]
(10142 0.11971277391093071) [Memory: 124130008][Window size 6]
(10163 0.15502127702858706) [Memory: 124015832][Window size 6]
(10184 0.19386488942570712) [Memory: 124350584][Window size 6]
(10205 0.13814137072863883) [Memory: 124344344][Window size 6]
(10226 0.24374440882346016) [Memory: 124304520][Window size 6]
(10247 0.22396559768233434) [Memory: 124220680][Window size 6]
(10268 0.09168954980654466) [Memory: 124194584][Window size 6]
(10289 0.14081669899119179) [Memory: 124070568][Window size 6]
(10310 0.15016852427342223) [Memory: 123995752][Window size 6]
(10331 0.1288070362485212) [Memory: 124343320][Window size 6]
(10352 0.16435159089248008) [Memory: 124331512][Window size 6]
(10373 0.22976481543259866) [Memory: 124341512][Window size 6]
(10394 0.2372176403403784) [Memory: 124176712][Window size 6]
(10415 0.16590038819435535) [Memory: 124140376][Window size 6]
(10436 0.15339274349565943) [Memory: 124013976][Window size 6]
(10457 0.08845905436360396) [Memory: 124329912][Window size 6]
(10478 0.13530403750952644) [Memory: 124331368][Window size 6]
(10499 0.1470603123810946) [Memory: 124301144][Window size 6]
(10520 0.23975823993788714) [Memory: 124289224][Window size 6]
(10541 0.13044290475869927) [Memory: 124185672][Window size 6]
(10562 0.2080950199282102) [Memory: 124079784][Window size 6]
(10583 0.08140925878458517) [Memory: 123984024][Window size 6]
(10604 0.1639319342749838) [Memory: 124324216][Window size 6]
(10625 0.1250774935159445) [Memory: 124327944][Window size 6]
(10646 0.09719919648178144) [Memory: 124344328][Window size 6]
(10667 0.14909267696482112) [Memory: 124240904][Window size 6]
(10688 0.16449430654836977) [Memory: 124210008][Window size 6]
(10709 0.1778941173484767) [Memory: 124081272][Window size 6]
(10730 0.1184294656916196) [Memory: 123957880][Window size 6]
(10751 0.18154270379097737) [Memory: 124319848][Window size 6]
(10772 0.12320475350017486) [Memory: 124302424][Window size 6]
(10793 0.17505994316081075) [Memory: 124301000][Window size 6]
(10814 0.11458366351515187) [Memory: 124201848][Window size 6]
(10835 0.17057634125019358) [Memory: 124165704][Window size 6]
(10856 0.14489255596504422) [Memory: 123987512][Window size 6]
(10877 0.17333494743177538) [Memory: 124322856][Window size 6]
(10898 0.04363575638384393) [Memory: 124318936][Window size 6]
(10919 0.050927744507651675) [Memory: 124274632][Window size 6]
(10940 0.07825127070747522) [Memory: 124250776][Window size 6]
(10961 0.1815001522104461) [Memory: 124228088][Window size 6]
(10982 0.14875222159978596) [Memory: 124096040][Window size 6]
(11003 0.11831076186315266) [Memory: 124022840][Window size 6]
(11024 0.16382845025582413) [Memory: 124307640][Window size 6]
(11045 0.08003782637357704) [Memory: 124291416][Window size 6]
(11066 0.10978849192331337) [Memory: 124298744][Window size 6]
(11087 0.08151912108218064) [Memory: 124198344][Window size 6]
(11108 0.13646083469379253) [Memory: 124160776][Window size 6]
(11129 0.11265248877583874) [Memory: 124031656][Window size 6]
(11150 0.16254226792078996) [Memory: 124349896][Window size 6]
(11171 0.30914031972504924) [Memory: 124350520][Window size 6]
(11192 0.14807342517199162) [Memory: 124317688][Window size 6]
(11213 0.2446099151281775) [Memory: 124306984][Window size 6]
(11234 0.15546069237398957) [Memory: 124141784][Window size 6]
(11255 0.12618812552522043) [Memory: 124095944][Window size 6]
(11276 0.1122494580853457) [Memory: 123997784][Window size 6]
(11297 0.11567854165993875) [Memory: 124335736][Window size 6]
(11318 0.1793139653376409) [Memory: 124334024][Window size 6]
(11339 0.13556611670430652) [Memory: 124350184][Window size 6]
(11360 0.07854604496817104) [Memory: 124246488][Window size 6]
(11381 0.1278338226462806) [Memory: 124216840][Window size 6]
(11402 0.11391603261723486) [Memory: 124086264][Window size 6]
(11423 0.11943566881120482) [Memory: 123959064][Window size 6]
(11444 0.11700397045549926) [Memory: 124315192][Window size 6]
(11465 0.16823723183785258) [Memory: 124296280][Window size 6]
(11486 0.12213238579265817) [Memory: 124293544][Window size 6]
(11507 0.07153157739733479) [Memory: 124192360][Window size 6]
(11528 0.08859281918743929) [Memory: 124154584][Window size 6]
(11549 0.07518812450103782) [Memory: 124042552][Window size 6]
(11570 0.09229672988299632) [Memory: 124310040][Window size 6]
(11591 0.0867334862927185) [Memory: 124302648][Window size 6]
(11612 0.10310960473290472) [Memory: 124264200][Window size 6]
(11633 0.0764935555618416) [Memory: 124238408][Window size 6]
(11654 0.10621350124106761) [Memory: 124222504][Window size 6]
(11675 0.14950347698184743) [Memory: 124092200][Window size 6]
(11696 0.13533136088195824) [Memory: 124016184][Window size 6]
(11717 0.17152640902431573) [Memory: 124364616][Window size 6]
(11738 0.14972851538496593) [Memory: 124287448][Window size 6]
(11759 0.21061183148666665) [Memory: 124301288][Window size 6]
(11780 0.14493466768657223) [Memory: 124197720][Window size 6]
(11801 0.2325656386620268) [Memory: 124159336][Window size 6]
(11822 0.09773559955051862) [Memory: 124033864][Window size 6]
(11843 0.12914778495765808) [Memory: 124346952][Window size 6]
(11864 0.18658162575747705) [Memory: 124345880][Window size 6]
(11885 0.09904905911131641) [Memory: 124311960][Window size 6]
(11906 0.20405926938015576) [Memory: 124300712][Window size 6]
(11927 0.1048729310604779) [Memory: 124138024][Window size 6]
(11948 0.1350276564703549) [Memory: 124092824][Window size 6]
(11969 0.10339407157534662) [Memory: 123996328][Window size 6]
(11990 0.12106884004205443) [Memory: 124336424][Window size 6]
(12011 0.15697497071211156) [Memory: 124332904][Window size 6]
(12032 0.18342364417466428) [Memory: 124353448][Window size 6]
(12053 0.10721383496780268) [Memory: 124250088][Window size 6]
(12074 0.1666748098091135) [Memory: 124220328][Window size 6]
(12095 0.1395092230110838) [Memory: 124030824][Window size 6]
(12116 0.11328287715191016) [Memory: 123971528][Window size 6]
(12137 0.10814674735025727) [Memory: 124334504][Window size 6]
(12158 0.15524786927528417) [Memory: 124309256][Window size 6]
(12179 0.12385600002670198) [Memory: 124309624][Window size 6]
(12200 0.13487238984174418) [Memory: 124203384][Window size 6]
(12221 0.0793555996871374) [Memory: 124166728][Window size 6]
(12242 0.09882747722989481) [Memory: 124043512][Window size 6]
(12263 0.16733000554953878) [Memory: 124313944][Window size 6]
(12284 0.18833761624071457) [Memory: 124312488][Window size 6]
(12305 0.06950641802393998) [Memory: 124273080][Window size 6]
(12326 0.17443624839739927) [Memory: 124247928][Window size 6]
(12347 0.2007623193154032) [Memory: 124226760][Window size 6]
(12368 0.1833835361680907) [Memory: 124095368][Window size 6]
(12389 0.11651794623795626) [Memory: 124020904][Window size 6]
(12410 0.1170631554563177) [Memory: 124306712][Window size 6]
(12431 0.1738991424659848) [Memory: 124291080][Window size 6]
(12452 0.11316764239087544) [Memory: 124301672][Window size 6]
(12473 0.13762444573716107) [Memory: 124200984][Window size 6]
(12494 0.06100386310121) [Memory: 124168152][Window size 6]
(12515 0.10780482528277603) [Memory: 124041272][Window size 6]
(12536 0.12903029413547812) [Memory: 124359960][Window size 6]
(12557 0.11218777256555569) [Memory: 124362472][Window size 6]
(12578 0.1798393191615056) [Memory: 124266200][Window size 6]
(12599 0.08709506218796127) [Memory: 124250648][Window size 6]
(12620 0.13448602529916456) [Memory: 124152024][Window size 6]
(12641 0.1191512085973182) [Memory: 124108776][Window size 6]
(12662 0.1021607341938884) [Memory: 124007816][Window size 6]
(12683 0.16635215118577604) [Memory: 124349384][Window size 6]
(12704 0.16441192974391214) [Memory: 124347448][Window size 6]
(12725 0.14956603938981536) [Memory: 124372712][Window size 6]
(12746 0.1904860446277391) [Memory: 124203240][Window size 6]
(12767 0.16720599330021071) [Memory: 124173512][Window size 6]
(12788 0.17532540592845977) [Memory: 124044840][Window size 6]
(12809 0.17076244619860184) [Memory: 123979448][Window size 6]
(12830 0.11531060288846846) [Memory: 124342152][Window size 6]
(12851 0.12354954760226942) [Memory: 124319016][Window size 6]
(12872 0.07702108302287548) [Memory: 124315704][Window size 6]
(12893 0.15817039882790898) [Memory: 124213672][Window size 6]
(12914 0.09484724012269351) [Memory: 124107656][Window size 6]
(12935 0.16541475150795992) [Memory: 123988184][Window size 6]
(12956 0.17464234489006994) [Memory: 124326440][Window size 6]
(12977 0.12712741760177335) [Memory: 124319096][Window size 6]
(12998 0.10992942362984744) [Memory: 124280472][Window size 6]
(13019 0.06817403364247764) [Memory: 124259000][Window size 6]
(13040 0.09763086245106102) [Memory: 124235016][Window size 6]
(13061 0.11845177254916943) [Memory: 124104088][Window size 6]
(13082 0.14562248519778687) [Memory: 124032472][Window size 6]
(13103 0.13706337313448566) [Memory: 124312728][Window size 6]
(13124 0.10367561934496133) [Memory: 124297704][Window size 6]
(13145 0.07242227451218905) [Memory: 124308712][Window size 6]
(13166 0.1495162955864844) [Memory: 124203560][Window size 6]
(13187 0.09712958590793913) [Memory: 124164776][Window size 6]
(13208 0.14071479829903322) [Memory: 124039592][Window size 6]
(13229 0.10227501409566814) [Memory: 124356328][Window size 6]
(13250 0.08357053522454616) [Memory: 124359384][Window size 6]
(13271 0.1637518960677047) [Memory: 124264152][Window size 6]
(13292 0.089333422831405) [Memory: 124246216][Window size 6]
(13313 0.11085007166420731) [Memory: 124145688][Window size 6]
(13334 0.08921294265178152) [Memory: 124099848][Window size 6]
(13355 0.15589170887584072) [Memory: 124004696][Window size 6]
(13376 0.1587353331644065) [Memory: 124344072][Window size 6]
(13397 0.13086744037953932) [Memory: 124338056][Window size 6]
(13418 0.09889890208647852) [Memory: 124355992][Window size 6]
(13439 0.15862216540956822) [Memory: 124249592][Window size 6]
(13460 0.12772419773671337) [Memory: 124222712][Window size 6]
(13481 0.10880799260068942) [Memory: 124027272][Window size 6]
(13502 0.09735396509043427) [Memory: 123966184][Window size 6]
(13523 0.17729204138058166) [Memory: 124325384][Window size 6]
(13544 0.10696919331467665) [Memory: 124299800][Window size 6]
(13565 0.09914048532806725) [Memory: 124298136][Window size 6]
(13586 0.104547330446585) [Memory: 124195384][Window size 6]
(13607 0.09023634330006185) [Memory: 124153368][Window size 6]
(13628 0.17822391684892128) [Memory: 124035048][Window size 6]
(13649 0.10095503492221373) [Memory: 124368248][Window size 6]
(13670 0.08093426130823456) [Memory: 124361192][Window size 6]
(13691 0.11794104068747986) [Memory: 124256744][Window size 6]
(13712 0.06636266094502469) [Memory: 124228376][Window size 6]
(13733 0.10873261519307213) [Memory: 124124200][Window size 6]
(13754 0.1015907568218879) [Memory: 124078136][Window size 6]
(13775 0.07620632424686331) [Memory: 123996312][Window size 6]
(13796 0.0978474553448098) [Memory: 124340792][Window size 6]
(13817 0.06083578583916869) [Memory: 124327448][Window size 6]
(13838 0.1534574726781677) [Memory: 124334568][Window size 6]
(13859 0.1292544310189837) [Memory: 124228792][Window size 6]
(13880 0.14586682114408736) [Memory: 124192072][Window size 6]
(13901 0.1019775102321042) [Memory: 124063736][Window size 6]
(13922 0.10704261329868785) [Memory: 124313880][Window size 6]
(13943 0.07827413532296172) [Memory: 124313560][Window size 6]
(13964 0.11688073530260407) [Memory: 124282040][Window size 6]
(13985 0.11848468109367388) [Memory: 124272168][Window size 6]
(14006 0.09493874825021137) [Memory: 124168248][Window size 6]
(14027 0.07508162499048464) [Memory: 124123624][Window size 6]
(14048 0.1237115938828109) [Memory: 124027272][Window size 6]
(14069 0.07574636332545802) [Memory: 124366952][Window size 6]
(14090 0.0779983766757149) [Memory: 124361608][Window size 6]
(14111 0.06986747650694698) [Memory: 124319000][Window size 6]
(14132 0.14517011498722396) [Memory: 124211288][Window size 6]
(14153 0.135426650885467) [Memory: 124184488][Window size 6]
(14174 0.10105066683264974) [Memory: 124051592][Window size 6]
(14195 0.10078313092347842) [Memory: 123992136][Window size 6]
(14216 0.10601226535451257) [Memory: 124350344][Window size 6]
(14237 0.13858121291950373) [Memory: 124329368][Window size 6]
(14258 0.1254764364010744) [Memory: 124323000][Window size 6]
(14279 0.08153745368571184) [Memory: 124158968][Window size 6]
(14300 0.1440794032975371) [Memory: 124117576][Window size 6]
(14321 0.15209571985481243) [Memory: 124004568][Window size 6]
(14342 0.1961167282592452) [Memory: 124339704][Window size 6]
(14363 0.053794135105389364) [Memory: 124337000][Window size 6]
(14384 0.08731059947681358) [Memory: 124297576][Window size 6]
(14405 0.0951215908626591) [Memory: 124270536][Window size 6]
(14426 0.04607833957115232) [Memory: 124166424][Window size 6]
(14447 0.15086505566047323) [Memory: 124054584][Window size 6]
(14468 0.125100705362217) [Memory: 123975640][Window size 6]
(14489 0.11660670020696784) [Memory: 124319176][Window size 6]
(14510 0.05980150501823144) [Memory: 124305208][Window size 6]
(14531 0.07998001216085276) [Memory: 124317720][Window size 6]
(14552 0.1182746701288387) [Memory: 124211448][Window size 6]
(14573 0.08633228660792762) [Memory: 124172056][Window size 6]
(14594 0.09433591346186647) [Memory: 124045368][Window size 6]
(14615 0.11784884078848208) [Memory: 124362664][Window size 6]
(14636 0.1114700510692918) [Memory: 124359496][Window size 6]
(14657 0.10271202871004487) [Memory: 124262504][Window size 6]
(14678 0.09279012366392513) [Memory: 124245736][Window size 6]
(14699 0.10552412007632149) [Memory: 124140936][Window size 6]
(14720 0.08545375162888293) [Memory: 124093912][Window size 6]
(14741 0.1282377549379328) [Memory: 123999016][Window size 6]
(14762 0.0953954180737504) [Memory: 124335496][Window size 6]
(14783 0.0980847819486178) [Memory: 124326952][Window size 6]
(14804 0.11554056283213436) [Memory: 124345512][Window size 6]
(14825 0.07385946567074599) [Memory: 124238056][Window size 6]
(14846 0.11599514854619902) [Memory: 124209384][Window size 6]
(14867 0.09852818271351028) [Memory: 124076440][Window size 6]
(14888 0.12539470402340036) [Memory: 124007672][Window size 6]
(14909 0.06827954082631697) [Memory: 124366088][Window size 6]
(14930 0.09141530049178963) [Memory: 124280104][Window size 6]
(14951 0.1548494768362513) [Memory: 124277128][Window size 6]
(14972 0.09125724905471155) [Memory: 124178888][Window size 6]
(14993 0.09886199898313656) [Memory: 124140840][Window size 6]
(15014 0.13357150774781043) [Memory: 124025000][Window size 6]
(15035 0.0780383265186445) [Memory: 124360744][Window size 6]
(15056 0.13020725499695748) [Memory: 124355464][Window size 6]
(15077 0.18522961327889287) [Memory: 124252184][Window size 6]
(15098 0.11704677148069388) [Memory: 124228712][Window size 6]
(15119 0.05830652629908417) [Memory: 124121192][Window size 6]
(15140 0.13649601892648947) [Memory: 124075560][Window size 6]
(15161 0.11519886926891147) [Memory: 123998488][Window size 6]
(15182 0.1256435133857255) [Memory: 124340328][Window size 6]
(15203 0.10378247066538854) [Memory: 124323208][Window size 6]
(15224 0.07584124778667133) [Memory: 124331352][Window size 6]
(15245 0.08485212726260065) [Memory: 124230376][Window size 6]
(15266 0.1132252876894091) [Memory: 124136264][Window size 6]
(15287 0.07095661817435352) [Memory: 124010008][Window size 6]
(15308 0.11492110109281585) [Memory: 124323736][Window size 6]
(15329 0.06254690498035269) [Memory: 124325992][Window size 6]
(15350 0.14370099769721745) [Memory: 124292664][Window size 6]
(15371 0.07676288223958422) [Memory: 124281416][Window size 6]
(15392 0.14777895359832885) [Memory: 124179336][Window size 6]
(15413 0.0862932642309973) [Memory: 124135272][Window size 6]
(15434 0.12607969232351898) [Memory: 123980648][Window size 6]
(15455 0.06415088386745744) [Memory: 124323272][Window size 6]
(15476 0.12378292397617198) [Memory: 124319080][Window size 6]
(15497 0.05770378861791939) [Memory: 124338968][Window size 6]
(15518 0.05955458848315887) [Memory: 124236840][Window size 6]
(15539 0.14192167847376966) [Memory: 124208824][Window size 6]
(15560 0.11281872696466794) [Memory: 124079960][Window size 6]
(15581 0.07778432380177493) [Memory: 123953368][Window size 6]
(15602 0.15227801316764367) [Memory: 124316152][Window size 6]
(15623 0.058016925161588906) [Memory: 124295240][Window size 6]
(15644 0.17043966841325112) [Memory: 124290408][Window size 6]
(15665 0.07849123775964778) [Memory: 124188296][Window size 6]
(15686 0.15836648071703352) [Memory: 124149864][Window size 6]
(15707 0.05547396831755025) [Memory: 124036248][Window size 6]
(15728 0.05696031417531519) [Memory: 124308712][Window size 6]
(15749 0.08390667306700296) [Memory: 124304696][Window size 6]
(15770 0.13108354295458766) [Memory: 124263864][Window size 6]
(15791 0.13113481805709262) [Memory: 124240696][Window size 6]
(15812 0.12595413895151394) [Memory: 124217032][Window size 6]
(15833 0.09186291114668445) [Memory: 124088552][Window size 6]
(15854 0.11025767084091581) [Memory: 124012328][Window size 6]
(15875 0.0679155830406707) [Memory: 124357544][Window size 6]
(15896 0.12232383966780476) [Memory: 124342440][Window size 6]
(15917 0.07355657217254483) [Memory: 124286632][Window size 6]
(15938 0.1064717803326447) [Memory: 124185032][Window size 6]
(15959 0.14667412516386144) [Memory: 124154440][Window size 6]
(15980 0.0381367083490124) [Memory: 124033784][Window size 6]
(16001 0.1220983565307117) [Memory: 124347160][Window size 6]
(16022 0.1386350111953504) [Memory: 124347336][Window size 6]
(16043 0.129968446254653) [Memory: 124316296][Window size 6]
(16064 0.14429341458765452) [Memory: 124301640][Window size 6]
(16085 0.11366276982978508) [Memory: 124135448][Window size 6]
(16106 0.16860194275908966) [Memory: 124086200][Window size 6]
(16127 0.04762828878429701) [Memory: 123992776][Window size 6]
(16148 0.1185378574505369) [Memory: 124335480][Window size 6]
(16169 0.04968535209606766) [Memory: 124335816][Window size 6]
(16190 0.08633453640627604) [Memory: 124355208][Window size 6]
(16211 0.10037461169160933) [Memory: 124250568][Window size 6]
(16232 0.15197621987232746) [Memory: 124221032][Window size 6]
(16253 0.08422468085394125) [Memory: 124028920][Window size 6]
(16274 0.12919543155220464) [Memory: 123965960][Window size 6]
(16295 0.10163707939137033) [Memory: 124324712][Window size 6]
(16316 0.1316780273511978) [Memory: 124305272][Window size 6]
(16337 0.07832999786164367) [Memory: 124301576][Window size 6]
(16358 0.12958478616884841) [Memory: 124196920][Window size 6]
(16379 0.09518525983007146) [Memory: 124156904][Window size 6]
(16400 0.06496065483931769) [Memory: 124038744][Window size 6]
(16421 0.08708451982377959) [Memory: 124309176][Window size 6]
(16442 0.16849424780538) [Memory: 124305208][Window size 6]
(16463 0.012769018178416934) [Memory: 124262872][Window size 6]
(16484 0.12076470523440964) [Memory: 124241752][Window size 6]
(16505 0.06415806025320732) [Memory: 124218888][Window size 6]
(16526 0.20679556647135963) [Memory: 124090008][Window size 6]
(16547 0.14966370633982917) [Memory: 124016760][Window size 6]
(16568 0.11955290906524962) [Memory: 124358616][Window size 6]
(16589 0.07288405845098556) [Memory: 124344984][Window size 6]
(16610 0.07310058270707302) [Memory: 124287992][Window size 6]
(16631 0.0414154359066223) [Memory: 124186584][Window size 6]
(16652 0.027736722671691746) [Memory: 124150296][Window size 6]
(16673 0.12604181448178373) [Memory: 124029192][Window size 6]
(16694 0.08877161267349952) [Memory: 124345928][Window size 6]
(16715 0.17719157310573128) [Memory: 124348120][Window size 6]
(16736 0.1196445487319522) [Memory: 124316632][Window size 6]
(16757 0.08726096378094356) [Memory: 124304984][Window size 6]
(16778 0.06728815339818511) [Memory: 124137160][Window size 6]
(16799 0.061218423747798754) [Memory: 124090088][Window size 6]
(16820 0.0674825163677958) [Memory: 123998888][Window size 6]
(16841 0.07370309244469013) [Memory: 124332776][Window size 6]
(16862 0.09964537505239224) [Memory: 124330792][Window size 6]
(16883 0.1152308936085908) [Memory: 124353304][Window size 6]
(16904 0.12291721451681599) [Memory: 124251128][Window size 6]
(16925 0.08212807311333788) [Memory: 124161832][Window size 6]
(16946 0.10898319958725843) [Memory: 124032104][Window size 6]
(16967 0.1393169067882014) [Memory: 123969512][Window size 6]
(16988 0.09939905767645135) [Memory: 124325688][Window size 6]
(17009 0.10762654075973098) [Memory: 124307912][Window size 6]
(17030 0.0760508293739556) [Memory: 124305064][Window size 6]
(17051 0.16574360047116685) [Memory: 124198632][Window size 6]
(17072 0.09786957274511425) [Memory: 124157432][Window size 6]
(17093 0.07411667859839265) [Memory: 124041784][Window size 6]
(17114 0.12271543650791343) [Memory: 124312584][Window size 6]
(17135 0.05800990881563011) [Memory: 124311080][Window size 6]
(17156 0.10280467050337687) [Memory: 124269464][Window size 6]
(17177 0.07680589604603337) [Memory: 124249160][Window size 6]
(17198 0.1074607662847632) [Memory: 124226824][Window size 6]
(17219 0.09464497311806881) [Memory: 124098248][Window size 6]
(17240 0.1438731361933371) [Memory: 124023288][Window size 6]
(17261 0.08940717030267453) [Memory: 124367160][Window size 6]
(17282 0.0969047432884046) [Memory: 124288376][Window size 6]
(17303 0.1110054673082448) [Memory: 124297720][Window size 6]
(17324 0.05432805182656809) [Memory: 124195624][Window size 6]
(17345 0.24867655452750378) [Memory: 124162184][Window size 6]
(17366 0.15525888348228423) [Memory: 124040328][Window size 6]
(17387 0.06846335142294381) [Memory: 124357224][Window size 6]
(17408 0.11035124827326424) [Memory: 124360888][Window size 6]
(17429 0.11858228702859137) [Memory: 124267320][Window size 6]
(17450 0.11995476831905057) [Memory: 124254232][Window size 6]
(17471 0.0873374773369155) [Memory: 124153016][Window size 6]
(17492 0.09200818467749272) [Memory: 124110504][Window size 6]
(17513 0.13327323066875518) [Memory: 124014088][Window size 6]
(17534 0.12203888709923394) [Memory: 124350824][Window size 6]
(17555 0.15813709277482796) [Memory: 124346984][Window size 6]
(17576 0.07996731970174913) [Memory: 124368776][Window size 6]
(17597 0.19412720113774215) [Memory: 124260536][Window size 6]
(17618 0.0766252448360679) [Memory: 124169432][Window size 6]
(17639 0.07279416004301803) [Memory: 124040696][Window size 6]
(17660 0.16431623110445792) [Memory: 123976344][Window size 6]
(17681 0.053222571397295575) [Memory: 124330280][Window size 6]
(17702 0.1550594309740423) [Memory: 124309208][Window size 6]
(17723 0.07423625790342007) [Memory: 124307128][Window size 6]
(17744 0.12006826927298046) [Memory: 124206088][Window size 6]
(17765 0.06817898696081909) [Memory: 124161000][Window size 6]
(17786 0.08528263201708786) [Memory: 124047688][Window size 6]
(17807 0.02137532115109715) [Memory: 124314776][Window size 6]
(17828 0.10924043859876002) [Memory: 124313672][Window size 6]
(17849 0.10824963948867332) [Memory: 124276760][Window size 6]
(17870 0.13473142030218863) [Memory: 124249832][Window size 6]
(17891 0.2015411761243788) [Memory: 124223784][Window size 6]
(17912 0.08531379689647811) [Memory: 124099448][Window size 6]
(17933 0.10136458894394745) [Memory: 124026280][Window size 6]
(17954 0.08202145339360938) [Memory: 124313000][Window size 6]
(17975 0.14896057462393283) [Memory: 124301400][Window size 6]
(17996 0.21537516841805746) [Memory: 124311368][Window size 6]
(18017 0.0785278038901384) [Memory: 124210984][Window size 6]
(18038 0.12929967274154106) [Memory: 124173304][Window size 6]
(18059 0.06976183020101881) [Memory: 124044632][Window size 6]
(18080 0.0962618494952331) [Memory: 124360088][Window size 6]
(18101 0.07104736911601035) [Memory: 124363496][Window size 6]
(18122 0.15614084779149415) [Memory: 124270424][Window size 6]
(18143 0.10199982417936354) [Memory: 124254296][Window size 6]
(18164 0.12944573552147146) [Memory: 124152104][Window size 6]
(18185 0.1459221036546641) [Memory: 124103192][Window size 6]
(18206 0.08368832345475369) [Memory: 124008520][Window size 6]
(18227 0.16125703196369062) [Memory: 124351464][Window size 6]
(18248 0.07862679722200351) [Memory: 124348712][Window size 6]
(18269 0.035880086732484266) [Memory: 124366840][Window size 6]
(18290 0.12036830145837661) [Memory: 124199032][Window size 6]
(18311 0.16247638696202218) [Memory: 124173736][Window size 6]
(18332 0.09811546541561962) [Memory: 124039352][Window size 6]
(18353 0.06982140586049233) [Memory: 123975080][Window size 6]
(18374 0.09821757994556941) [Memory: 124334968][Window size 6]
(18395 0.15181025635232862) [Memory: 124308360][Window size 6]
(18416 0.0948959298705374) [Memory: 124303752][Window size 6]
(18437 0.13431866705807546) [Memory: 124201848][Window size 6]
(18458 0.07559505206106587) [Memory: 124166632][Window size 6]
(18479 0.1034073507462716) [Memory: 124047800][Window size 6]
(18500 0.06592891916481186) [Memory: 124311752][Window size 6]
(18521 0.13881180562109466) [Memory: 124310984][Window size 6]
(18542 0.0826729212621992) [Memory: 124269656][Window size 6]
(18563 0.10763328578162963) [Memory: 124251112][Window size 6]
(18584 0.1273752515456151) [Memory: 124229416][Window size 6]
(18605 0.1451284937215698) [Memory: 124103528][Window size 6]
(18626 0.1167054257523941) [Memory: 124028376][Window size 6]
(18647 0.12788614193432177) [Memory: 124309576][Window size 6]
(18668 0.09102121059286668) [Memory: 124298616][Window size 6]
(18689 0.1359018120957942) [Memory: 124312184][Window size 6]
(18710 0.16013945239203378) [Memory: 124213144][Window size 6]
(18731 0.06441626782416028) [Memory: 124177016][Window size 6]
(18752 0.14934917565672046) [Memory: 124053224][Window size 6]
(18773 0.09936462522617134) [Memory: 124369240][Window size 6]
(18794 0.16987499118950636) [Memory: 124309432][Window size 6]
(18815 0.13092729667259875) [Memory: 124281304][Window size 6]
(18836 0.06880791380850883) [Memory: 124269384][Window size 6]
(18857 0.08818925745468359) [Memory: 124168904][Window size 6]
(18878 0.07789717352078736) [Memory: 124127688][Window size 6]
(18899 0.06414180799509005) [Memory: 124032264][Window size 6]
(18920 0.04054230516508706) [Memory: 124308488][Window size 6]
(18941 0.08487826570985091) [Memory: 124304056][Window size 6]
(18962 0.08527323659733099) [Memory: 124325032][Window size 6]
(18983 0.07994523417394293) [Memory: 124223848][Window size 6]
(19004 0.14897060627767617) [Memory: 124200296][Window size 6]
(19025 0.17407252127087866) [Memory: 124072504][Window size 6]
(19046 0.10247042226375096) [Memory: 124009672][Window size 6]
(19067 0.0473123008366299) [Memory: 124366792][Window size 6]
(19088 0.10750115206401467) [Memory: 124278488][Window size 6]
(19109 0.09023391491620686) [Memory: 124273224][Window size 6]
(19130 0.09075522499929173) [Memory: 124175144][Window size 6]
(19151 0.08027095336527436) [Memory: 124138264][Window size 6]
(19172 0.12616669621108578) [Memory: 124022872][Window size 6]
(19193 0.08836472805779581) [Memory: 124357832][Window size 6]
(19214 0.13941452783354638) [Memory: 124350984][Window size 6]
(19235 0.06879900857445757) [Memory: 124312904][Window size 6]
(19256 0.12693507324424352) [Memory: 124223512][Window size 6]
(19277 0.13137710006220218) [Memory: 124122008][Window size 6]
(19298 0.10854341690341539) [Memory: 124068808][Window size 6]
(19319 0.06724593612224834) [Memory: 123992424][Window size 6]
(19340 0.11323627274449378) [Memory: 124338264][Window size 6]
(19361 0.028974925908101305) [Memory: 124321048][Window size 6]
(19382 0.05538404204359068) [Memory: 124334744][Window size 6]
(19403 0.06502033619138751) [Memory: 124232520][Window size 6]
(19424 0.06730117015146103) [Memory: 124197512][Window size 6]
(19445 0.18109013043309477) [Memory: 124012584][Window size 6]
(19466 0.09844322809660551) [Memory: 124328120][Window size 6]
(19487 0.13695979504321054) [Memory: 124331112][Window size 6]
(19508 0.07667506147226942) [Memory: 124297032][Window size 6]
(19529 0.10073911954301988) [Memory: 124287944][Window size 6]
(19550 0.12565948774451433) [Memory: 124182648][Window size 6]
(19571 0.16567449253310615) [Memory: 124137016][Window size 6]
(19592 0.14203930374434262) [Memory: 123979448][Window size 6]
(19613 0.09219858267909804) [Memory: 124314792][Window size 6]
(19634 0.1798837693250178) [Memory: 124310888][Window size 6]
(19655 0.16601494767316582) [Memory: 124329272][Window size 6]
(19676 0.0994248289965457) [Memory: 124226824][Window size 6]
(19697 0.1370501119779215) [Memory: 124201352][Window size 6]
(19718 0.12318732720836346) [Memory: 124072488][Window size 6]
(19739 0.09896762791468679) [Memory: 124007576][Window size 6]
(19760 0.07489810072446497) [Memory: 124368888][Window size 6]
(19781 0.07972091126572155) [Memory: 124283784][Window size 6]
(19802 0.11151390827962578) [Memory: 124281864][Window size 6]
(19823 0.10994188498836753) [Memory: 124176088][Window size 6]
(19844 0.049447579896113626) [Memory: 124135368][Window size 6]
(19865 0.06848980462409428) [Memory: 124017256][Window size 6]
(19886 0.11329511860342352) [Memory: 124346936][Window size 6]
(19907 0.15829929623099592) [Memory: 124345144][Window size 6]
(19928 0.10043852160906806) [Memory: 124307272][Window size 6]
(19949 0.12384389257182464) [Memory: 124281032][Window size 6]
(19970 0.07933145541856014) [Memory: 124111560][Window size 6]
(19991 0.08703872069424222) [Memory: 124064216][Window size 6]
Accuracy: 0.9442307692307692
